{"numTotalTestSuites":131,"numPassedTestSuites":131,"numFailedTestSuites":0,"numPendingTestSuites":0,"numTotalTests":319,"numPassedTests":319,"numFailedTests":0,"numPendingTests":0,"numTodoTests":0,"snapshot":{"added":0,"failure":false,"filesAdded":0,"filesRemoved":0,"filesRemovedList":[],"filesUnmatched":0,"filesUpdated":0,"matched":0,"total":0,"unchecked":0,"uncheckedKeysByFile":[],"unmatched":0,"updated":0,"didUpdate":false},"startTime":1761341831463,"success":true,"testResults":[{"assertionResults":[{"ancestorTitles":["Admin Database API"],"fullName":"Admin Database API admin_notAuthenticated_returns401","status":"passed","title":"admin_notAuthenticated_returns401","duration":14.056925000000092,"failureMessages":[],"meta":{}},{"ancestorTitles":["Admin Database API"],"fullName":"Admin Database API admin_unauthorizedUser_returns403","status":"passed","title":"admin_unauthorizedUser_returns403","duration":204.3476169999999,"failureMessages":[],"meta":{}},{"ancestorTitles":["Admin Database API"],"fullName":"Admin Database API admin_userA_hasAccess","status":"passed","title":"admin_userA_hasAccess","duration":64.88989500000002,"failureMessages":[],"meta":{}},{"ancestorTitles":["Admin Database API"],"fullName":"Admin Database API admin_userQ_hasAccess","status":"passed","title":"admin_userQ_hasAccess","duration":188.05014399999982,"failureMessages":[],"meta":{}}],"startTime":1761341838175,"endTime":1761341838647.05,"status":"passed","message":"","name":"/workspaces/Spacewars3/src/__tests__/api/admin-api.test.ts"},{"assertionResults":[{"ancestorTitles":["Auth API"],"fullName":"Auth API register_newUser_success","status":"passed","title":"register_newUser_success","duration":88.87698699999999,"failureMessages":[],"meta":{}},{"ancestorTitles":["Auth API"],"fullName":"Auth API register_duplicateUser_returnsUsernameTaken","status":"passed","title":"register_duplicateUser_returnsUsernameTaken","duration":130.734282,"failureMessages":[],"meta":{}},{"ancestorTitles":["Auth API"],"fullName":"Auth API login_validCredentials_success","status":"passed","title":"login_validCredentials_success","duration":131.24967900000001,"failureMessages":[],"meta":{}},{"ancestorTitles":["Auth API"],"fullName":"Auth API login_wrongPassword_returnsInvalidCredentials","status":"passed","title":"login_wrongPassword_returnsInvalidCredentials","duration":141.10978,"failureMessages":[],"meta":{}}],"startTime":1761341839407,"endTime":1761341839899.1099,"status":"passed","message":"","name":"/workspaces/Spacewars3/src/__tests__/api/auth-api.test.ts"},{"assertionResults":[{"ancestorTitles":["Collection API"],"fullName":"Collection API collect_notAuthenticated_returns401","status":"passed","title":"collect_notAuthenticated_returns401","duration":13.452491000000009,"failureMessages":[],"meta":{}},{"ancestorTitles":["Collection API"],"fullName":"Collection API collect_invalidObjectId_returns400","status":"passed","title":"collect_invalidObjectId_returns400","duration":138.71084399999995,"failureMessages":[],"meta":{}},{"ancestorTitles":["Collection API"],"fullName":"Collection API collect_missingObjectId_returns400","status":"passed","title":"collect_missingObjectId_returns400","duration":127.06385899999998,"failureMessages":[],"meta":{}}],"startTime":1761341841746,"endTime":1761341842026.064,"status":"passed","message":"","name":"/workspaces/Spacewars3/src/__tests__/api/collection-api.test.ts"},{"assertionResults":[{"ancestorTitles":["Complete Build API (Cheat Mode)"],"fullName":"Complete Build API (Cheat Mode) completeBuild_notAuthenticated_returns401","status":"passed","title":"completeBuild_notAuthenticated_returns401","duration":18.131361999999967,"failureMessages":[],"meta":{}},{"ancestorTitles":["Complete Build API (Cheat Mode)"],"fullName":"Complete Build API (Cheat Mode) completeBuild_invalidSession_returns401","status":"passed","title":"completeBuild_invalidSession_returns401","duration":4.392797999999971,"failureMessages":[],"meta":{}},{"ancestorTitles":["Complete Build API (Cheat Mode)"],"fullName":"Complete Build API (Cheat Mode) completeBuild_emptyBody_stillValidatesAuth","status":"passed","title":"completeBuild_emptyBody_stillValidatesAuth","duration":3.4883029999999735,"failureMessages":[],"meta":{}},{"ancestorTitles":["Complete Build API (Cheat Mode)"],"fullName":"Complete Build API (Cheat Mode) completeBuild_postMethod_required","status":"passed","title":"completeBuild_postMethod_required","duration":3.5197089999999207,"failureMessages":[],"meta":{}}],"startTime":1761341852332,"endTime":1761341852361.5198,"status":"passed","message":"","name":"/workspaces/Spacewars3/src/__tests__/api/complete-build-api.test.ts"},{"assertionResults":[{"ancestorTitles":["Complete Build API - Notification Integration"],"fullName":"Complete Build API - Notification Integration completeBuild_refactoredToUseProcessCompletedBuilds_maintainsNotificationBehavior","status":"passed","title":"completeBuild_refactoredToUseProcessCompletedBuilds_maintainsNotificationBehavior","duration":1.9195359999999937,"failureMessages":[],"meta":{}},{"ancestorTitles":["Complete Build API - Notification Integration"],"fullName":"Complete Build API - Notification Integration completeBuild_unauthenticatedUser_returns401","status":"passed","title":"completeBuild_unauthenticatedUser_returns401","duration":10.24995899999999,"failureMessages":[],"meta":{}}],"startTime":1761341854582,"endTime":1761341854594.25,"status":"passed","message":"","name":"/workspaces/Spacewars3/src/__tests__/api/complete-build-notifications.test.ts"},{"assertionResults":[{"ancestorTitles":["Messages API Route Handler"],"fullName":"Messages API Route Handler messages_notAuthenticated_returns401","status":"passed","title":"messages_notAuthenticated_returns401","duration":15.951002000000017,"failureMessages":[],"meta":{}},{"ancestorTitles":["Messages API Route Handler"],"fullName":"Messages API Route Handler messages_authenticatedUserNoMessages_returnsEmptyArray","status":"passed","title":"messages_authenticatedUserNoMessages_returnsEmptyArray","duration":1.7708320000000413,"failureMessages":[],"meta":{}},{"ancestorTitles":["Messages API Route Handler"],"fullName":"Messages API Route Handler messages_repoIntegration_worksWithDatabase","status":"passed","title":"messages_repoIntegration_worksWithDatabase","duration":1.863813999999934,"failureMessages":[],"meta":{}}],"startTime":1761341850017,"endTime":1761341850036.8638,"status":"passed","message":"","name":"/workspaces/Spacewars3/src/__tests__/api/messages-api.test.ts"},{"assertionResults":[{"ancestorTitles":["Techtree API"],"fullName":"Techtree API techtree_notAuthenticated_returns401","status":"passed","title":"techtree_notAuthenticated_returns401","duration":11.247475000000009,"failureMessages":[],"meta":{}}],"startTime":1761341855289,"endTime":1761341855300.2476,"status":"passed","message":"","name":"/workspaces/Spacewars3/src/__tests__/api/techtree-api.test.ts"},{"assertionResults":[{"ancestorTitles":["Trigger Research API"],"fullName":"Trigger Research API triggerResearch_notAuthenticated_returns401","status":"passed","title":"triggerResearch_notAuthenticated_returns401","duration":12.656565,"failureMessages":[],"meta":{}},{"ancestorTitles":["Trigger Research API"],"fullName":"Trigger Research API triggerResearch_invalidType_returns400","status":"passed","title":"triggerResearch_invalidType_returns400","duration":142.4570389999999,"failureMessages":[],"meta":{}},{"ancestorTitles":["Trigger Research API"],"fullName":"Trigger Research API triggerResearch_missingType_returns400","status":"passed","title":"triggerResearch_missingType_returns400","duration":125.77884499999993,"failureMessages":[],"meta":{}}],"startTime":1761341842702,"endTime":1761341842982.7788,"status":"passed","message":"","name":"/workspaces/Spacewars3/src/__tests__/api/trigger-research-api.test.ts"},{"assertionResults":[{"ancestorTitles":["Phase 3: Typed API Lock Ordering System","API-Style Lock Ordering Patterns"],"fullName":"Phase 3: Typed API Lock Ordering System API-Style Lock Ordering Patterns apiPattern_collectionLikeOperation_executesWithProperLockOrdering","status":"passed","title":"apiPattern_collectionLikeOperation_executesWithProperLockOrdering","duration":10.233303999999976,"failureMessages":[],"meta":{}},{"ancestorTitles":["Phase 3: Typed API Lock Ordering System","API-Style Lock Ordering Patterns"],"fullName":"Phase 3: Typed API Lock Ordering System API-Style Lock Ordering Patterns apiPattern_navigationLikeOperation_executesWithProperLockOrdering","status":"passed","title":"apiPattern_navigationLikeOperation_executesWithProperLockOrdering","duration":3.9263559999999416,"failureMessages":[],"meta":{}},{"ancestorTitles":["Phase 3: Typed API Lock Ordering System","API-Style Lock Ordering Patterns"],"fullName":"Phase 3: Typed API Lock Ordering System API-Style Lock Ordering Patterns apiPattern_readOnlyOperation_executesWithProperLockOrdering","status":"passed","title":"apiPattern_readOnlyOperation_executesWithProperLockOrdering","duration":1.537684000000013,"failureMessages":[],"meta":{}},{"ancestorTitles":["Phase 3: Typed API Lock Ordering System","Concurrent API Operations"],"fullName":"Phase 3: Typed API Lock Ordering System Concurrent API Operations concurrentAPIOperations_differentPatterns_noDeadlocks","status":"passed","title":"concurrentAPIOperations_differentPatterns_noDeadlocks","duration":27.788785000000075,"failureMessages":[],"meta":{}},{"ancestorTitles":["Phase 3: Typed API Lock Ordering System","Concurrent API Operations"],"fullName":"Phase 3: Typed API Lock Ordering System Concurrent API Operations highConcurrencyAPIOperations_manySimultaneous_maintainsSafety","status":"passed","title":"highConcurrencyAPIOperations_manySimultaneous_maintainsSafety","duration":72.58814200000006,"failureMessages":[],"meta":{}},{"ancestorTitles":["Phase 3: Typed API Lock Ordering System","Type Safety Validation"],"fullName":"Phase 3: Typed API Lock Ordering System Type Safety Validation compiletimeSafety_lockContextRequirements_enforceCorrectUsage","status":"passed","title":"compiletimeSafety_lockContextRequirements_enforceCorrectUsage","duration":2.131350999999995,"failureMessages":[],"meta":{}}],"startTime":1761341844614,"endTime":1761341844733.1313,"status":"passed","message":"","name":"/workspaces/Spacewars3/src/__tests__/api/typedEndpoints.test.ts"},{"assertionResults":[{"ancestorTitles":["User stats API"],"fullName":"User stats API userStats_notAuthenticated_returns401","status":"passed","title":"userStats_notAuthenticated_returns401","duration":11.676449999999932,"failureMessages":[],"meta":{}},{"ancestorTitles":["User stats API"],"fullName":"User stats API userStats_loggedInUser_returnsStats","status":"passed","title":"userStats_loggedInUser_returnsStats","duration":137.98065800000006,"failureMessages":[],"meta":{}},{"ancestorTitles":["User stats API"],"fullName":"User stats API userStats_newUser_returnsBaseIronPerSecond","status":"passed","title":"userStats_newUser_returnsBaseIronPerSecond","duration":124.69957799999997,"failureMessages":[],"meta":{}},{"ancestorTitles":["User stats API"],"fullName":"User stats API userStats_ironPerSecondReflectsTechTreeUpgrades","status":"passed","title":"userStats_ironPerSecondReflectsTechTreeUpgrades","duration":136.01725099999987,"failureMessages":[],"meta":{}}],"startTime":1761341840632,"endTime":1761341841043.0173,"status":"passed","message":"","name":"/workspaces/Spacewars3/src/__tests__/api/user-stats-api.test.ts"},{"assertionResults":[{"ancestorTitles":["World API"],"fullName":"World API world_notAuthenticated_returns401","status":"passed","title":"world_notAuthenticated_returns401","duration":11.224188000000026,"failureMessages":[],"meta":{}}],"startTime":1761341856058,"endTime":1761341856069.224,"status":"passed","message":"","name":"/workspaces/Spacewars3/src/__tests__/api/world-api.test.ts"},{"assertionResults":[{"ancestorTitles":["User Persistence to Database"],"fullName":"User Persistence to Database userPersistence_dirtyUserModified_persitsToDatabase","status":"passed","title":"userPersistence_dirtyUserModified_persitsToDatabase","duration":12.248771000000033,"failureMessages":[],"meta":{}},{"ancestorTitles":["User Persistence to Database"],"fullName":"User Persistence to Database userPersistence_shutdownPersist_flushesUsers","status":"passed","title":"userPersistence_shutdownPersist_flushesUsers","duration":4.2322639999999865,"failureMessages":[],"meta":{}}],"startTime":1761341848490,"endTime":1761341848507.2322,"status":"passed","message":"","name":"/workspaces/Spacewars3/src/__tests__/cache/user-persistence.test.ts"},{"assertionResults":[{"ancestorTitles":["StatusHeader Business Logic"],"fullName":"StatusHeader Business Logic should format iron amounts using locale string","status":"passed","title":"should format iron amounts using locale string","duration":14.073679999999968,"failureMessages":[],"meta":{}},{"ancestorTitles":["StatusHeader Business Logic"],"fullName":"StatusHeader Business Logic should handle negative iron amounts","status":"passed","title":"should handle negative iron amounts","duration":0.3463120000000117,"failureMessages":[],"meta":{}},{"ancestorTitles":["StatusHeader Business Logic"],"fullName":"StatusHeader Business Logic should handle very large numbers","status":"passed","title":"should handle very large numbers","duration":0.21688300000005256,"failureMessages":[],"meta":{}},{"ancestorTitles":["StatusHeader Business Logic"],"fullName":"StatusHeader Business Logic should handle click events when clickable","status":"passed","title":"should handle click events when clickable","duration":1.1569680000000062,"failureMessages":[],"meta":{}},{"ancestorTitles":["StatusHeader Business Logic"],"fullName":"StatusHeader Business Logic should handle loading state display logic","status":"passed","title":"should handle loading state display logic","duration":0.3101759999999558,"failureMessages":[],"meta":{}},{"ancestorTitles":["StatusHeader Business Logic"],"fullName":"StatusHeader Business Logic should validate status indicator types","status":"passed","title":"should validate status indicator types","duration":0.2477010000000064,"failureMessages":[],"meta":{}},{"ancestorTitles":["StatusHeader Business Logic"],"fullName":"StatusHeader Business Logic should handle tooltip generation","status":"passed","title":"should handle tooltip generation","duration":0.13093400000002475,"failureMessages":[],"meta":{}}],"startTime":1761341837046,"endTime":1761341837063.1309,"status":"passed","message":"","name":"/workspaces/Spacewars3/src/__tests__/components/StatusHeader-business-logic.test.ts"},{"assertionResults":[{"ancestorTitles":["Login Business Logic"],"fullName":"Login Business Logic should validate empty username","status":"passed","title":"should validate empty username","duration":1.1055020000000013,"failureMessages":[],"meta":{}},{"ancestorTitles":["Login Business Logic"],"fullName":"Login Business Logic should validate empty password","status":"passed","title":"should validate empty password","duration":0.307521999999949,"failureMessages":[],"meta":{}},{"ancestorTitles":["Login Business Logic"],"fullName":"Login Business Logic should validate password mismatch in signup","status":"passed","title":"should validate password mismatch in signup","duration":0.1829169999999749,"failureMessages":[],"meta":{}},{"ancestorTitles":["Login Business Logic"],"fullName":"Login Business Logic should validate successful login data","status":"passed","title":"should validate successful login data","duration":0.18526300000007723,"failureMessages":[],"meta":{}},{"ancestorTitles":["Login Business Logic"],"fullName":"Login Business Logic should handle authentication flow","status":"passed","title":"should handle authentication flow","duration":2.1545449999999846,"failureMessages":[],"meta":{}}],"startTime":1761341863584,"endTime":1761341863588.1545,"status":"passed","message":"","name":"/workspaces/Spacewars3/src/__tests__/components/login-business-logic.test.ts"},{"assertionResults":[{"ancestorTitles":["useBuildQueue"],"fullName":"useBuildQueue useBuildQueue_authenticatedUserWithData_returnsBuildQueue","status":"passed","title":"useBuildQueue_authenticatedUserWithData_returnsBuildQueue","duration":19.358783000000017,"failureMessages":[],"meta":{}},{"ancestorTitles":["useBuildQueue"],"fullName":"useBuildQueue useBuildQueue_cacheLoading_returnsLoadingState","status":"passed","title":"useBuildQueue_cacheLoading_returnsLoadingState","duration":2.1429990000000316,"failureMessages":[],"meta":{}},{"ancestorTitles":["useBuildQueue"],"fullName":"useBuildQueue useBuildQueue_cacheError_returnsErrorState","status":"passed","title":"useBuildQueue_cacheError_returnsErrorState","duration":2.167958999999996,"failureMessages":[],"meta":{}},{"ancestorTitles":["useBuildQueue"],"fullName":"useBuildQueue useBuildQueue_buildItemSuccess_callsFactoryService","status":"passed","title":"useBuildQueue_buildItemSuccess_callsFactoryService","duration":3.4291709999999966,"failureMessages":[],"meta":{}},{"ancestorTitles":["useBuildQueue"],"fullName":"useBuildQueue useBuildQueue_buildItemError_setsErrorState","status":"passed","title":"useBuildQueue_buildItemError_setsErrorState","duration":2.281390999999985,"failureMessages":[],"meta":{}},{"ancestorTitles":["useBuildQueue"],"fullName":"useBuildQueue useBuildQueue_completeBuildSuccess_callsFactoryService","status":"passed","title":"useBuildQueue_completeBuildSuccess_callsFactoryService","duration":1.5585629999999355,"failureMessages":[],"meta":{}},{"ancestorTitles":["useBuildQueue"],"fullName":"useBuildQueue useBuildQueue_refetch_callsCacheRefetch","status":"passed","title":"useBuildQueue_refetch_callsCacheRefetch","duration":1.7937180000000126,"failureMessages":[],"meta":{}}],"startTime":1761341849296,"endTime":1761341849328.7937,"status":"passed","message":"","name":"/workspaces/Spacewars3/src/__tests__/hooks/useBuildQueue.test.ts"},{"assertionResults":[{"ancestorTitles":["useFactoryDataCache"],"fullName":"useFactoryDataCache useFactoryDataCache_authenticatedUser_fetchesDataSuccessfully","status":"passed","title":"useFactoryDataCache_authenticatedUser_fetchesDataSuccessfully","duration":65.66520500000001,"failureMessages":[],"meta":{}},{"ancestorTitles":["useFactoryDataCache"],"fullName":"useFactoryDataCache useFactoryDataCache_catalogError_setsErrorState","status":"passed","title":"useFactoryDataCache_catalogError_setsErrorState","duration":53.40160700000001,"failureMessages":[],"meta":{}},{"ancestorTitles":["useFactoryDataCache"],"fullName":"useFactoryDataCache useFactoryDataCache_buildStatusError_setsErrorState","status":"passed","title":"useFactoryDataCache_buildStatusError_setsErrorState","duration":54.938721999999984,"failureMessages":[],"meta":{}}],"startTime":1761341843786,"endTime":1761341843959.9387,"status":"passed","message":"","name":"/workspaces/Spacewars3/src/__tests__/hooks/useFactoryDataCache.test.ts"},{"assertionResults":[{"ancestorTitles":["useIron"],"fullName":"useIron useIron_initiatesFetchAndReturnsData","status":"passed","title":"useIron_initiatesFetchAndReturnsData","duration":64.93680399999994,"failureMessages":[],"meta":{}},{"ancestorTitles":["useIron"],"fullName":"useIron useIron_apiError_setsErrorState","status":"passed","title":"useIron_apiError_setsErrorState","duration":54.80915700000014,"failureMessages":[],"meta":{}},{"ancestorTitles":["useIron"],"fullName":"useIron useIron_withIronProduction_calculatesDisplayIron","status":"passed","title":"useIron_withIronProduction_calculatesDisplayIron","duration":54.54273599999988,"failureMessages":[],"meta":{}},{"ancestorTitles":["useIron"],"fullName":"useIron useIron_networkErrorRetry_eventuallySucceeds","status":"passed","title":"useIron_networkErrorRetry_eventuallySucceeds","duration":2007.870753,"failureMessages":[],"meta":{}},{"ancestorTitles":["useIron"],"fullName":"useIron useIron_zeroIronPerSecond_displaysServerValue","status":"passed","title":"useIron_zeroIronPerSecond_displaysServerValue","duration":53.82496999999967,"failureMessages":[],"meta":{}},{"ancestorTitles":["useIron"],"fullName":"useIron useIron_refetchFunction_triggersNewFetch","status":"passed","title":"useIron_refetchFunction_triggersNewFetch","duration":54.414192000000185,"failureMessages":[],"meta":{}},{"ancestorTitles":["useIron"],"fullName":"useIron useIron_withIronProduction_smoothUpdatesWorkWithTime","status":"passed","title":"useIron_withIronProduction_smoothUpdatesWorkWithTime","duration":54.536723000000165,"failureMessages":[],"meta":{}},{"ancestorTitles":["useIron"],"fullName":"useIron useIron_multipleFetchesWithDifferentTimes_maintainsSmoothUpdates","status":"passed","title":"useIron_multipleFetchesWithDifferentTimes_maintainsSmoothUpdates","duration":1010.0911660000002,"failureMessages":[],"meta":{}}],"startTime":1761341832977,"endTime":1761341836332.091,"status":"passed","message":"","name":"/workspaces/Spacewars3/src/__tests__/hooks/useIron.test.ts"},{"assertionResults":[{"ancestorTitles":["useTechCounts"],"fullName":"useTechCounts useTechCounts_authenticatedUserWithData_returnsData","status":"passed","title":"useTechCounts_authenticatedUserWithData_returnsData","duration":12.775122999999894,"failureMessages":[],"meta":{}},{"ancestorTitles":["useTechCounts"],"fullName":"useTechCounts useTechCounts_cacheLoading_returnsLoadingState","status":"passed","title":"useTechCounts_cacheLoading_returnsLoadingState","duration":2.1308989999999994,"failureMessages":[],"meta":{}},{"ancestorTitles":["useTechCounts"],"fullName":"useTechCounts useTechCounts_cacheError_returnsErrorState","status":"passed","title":"useTechCounts_cacheError_returnsErrorState","duration":2.184780000000046,"failureMessages":[],"meta":{}},{"ancestorTitles":["useTechCounts"],"fullName":"useTechCounts useTechCounts_refetch_callsCacheRefetch","status":"passed","title":"useTechCounts_refetch_callsCacheRefetch","duration":2.2023880000000418,"failureMessages":[],"meta":{}},{"ancestorTitles":["useTechCounts"],"fullName":"useTechCounts useTechCounts_buildItemCompletedEvent_triggersRefetch","status":"passed","title":"useTechCounts_buildItemCompletedEvent_triggersRefetch","duration":2.7938589999999976,"failureMessages":[],"meta":{}},{"ancestorTitles":["useTechCounts"],"fullName":"useTechCounts useTechCounts_buildQueueCompletedEvent_triggersRefetch","status":"passed","title":"useTechCounts_buildQueueCompletedEvent_triggersRefetch","duration":1.7259970000000067,"failureMessages":[],"meta":{}}],"startTime":1761341850919,"endTime":1761341850942.726,"status":"passed","message":"","name":"/workspaces/Spacewars3/src/__tests__/hooks/useTechCounts.test.ts"},{"assertionResults":[{"ancestorTitles":["Game Class - Targeting Line Functionality","getTargetingLine"],"fullName":"Game Class - Targeting Line Functionality getTargetingLine should return null when no targeting line exists","status":"passed","title":"should return null when no targeting line exists","duration":1.792141000000015,"failureMessages":[],"meta":{}},{"ancestorTitles":["Game Class - Targeting Line Functionality","getTargetingLine"],"fullName":"Game Class - Targeting Line Functionality getTargetingLine should clean up expired targeting lines","status":"passed","title":"should clean up expired targeting lines","duration":0.42762199999992845,"failureMessages":[],"meta":{}},{"ancestorTitles":["Game Class - Targeting Line Functionality","getTargetingLine"],"fullName":"Game Class - Targeting Line Functionality getTargetingLine should return valid targeting line when not expired","status":"passed","title":"should return valid targeting line when not expired","duration":0.48430999999993674,"failureMessages":[],"meta":{}},{"ancestorTitles":["Game Class - Targeting Line Functionality","createTargetingLine"],"fullName":"Game Class - Targeting Line Functionality createTargetingLine should create targeting line with correct coordinates","status":"passed","title":"should create targeting line with correct coordinates","duration":0.459824000000026,"failureMessages":[],"meta":{}},{"ancestorTitles":["Game Class - Targeting Line Functionality","createTargetingLine"],"fullName":"Game Class - Targeting Line Functionality createTargetingLine should overwrite existing targeting line","status":"passed","title":"should overwrite existing targeting line","duration":0.8584839999999758,"failureMessages":[],"meta":{}},{"ancestorTitles":["Game Class - Targeting Line Functionality","clearTargetingLine"],"fullName":"Game Class - Targeting Line Functionality clearTargetingLine should clear existing targeting line","status":"passed","title":"should clear existing targeting line","duration":0.29619000000002416,"failureMessages":[],"meta":{}},{"ancestorTitles":["Game Class - Targeting Line Functionality","stop method"],"fullName":"Game Class - Targeting Line Functionality stop method should clear targeting line when game stops","status":"passed","title":"should clear targeting line when game stops","duration":0.28391099999998914,"failureMessages":[],"meta":{}},{"ancestorTitles":["Game Class - Targeting Line Functionality","handleDirectionChange integration"],"fullName":"Game Class - Targeting Line Functionality handleDirectionChange integration should create targeting line when target coordinates are provided","status":"passed","title":"should create targeting line when target coordinates are provided","duration":1.8815909999999576,"failureMessages":[],"meta":{}},{"ancestorTitles":["Game Class - Targeting Line Functionality","handleDirectionChange integration"],"fullName":"Game Class - Targeting Line Functionality handleDirectionChange integration should not create targeting line when target coordinates are not provided","status":"passed","title":"should not create targeting line when target coordinates are not provided","duration":0.748860000000036,"failureMessages":[],"meta":{}}],"startTime":1761341853871,"endTime":1761341853878.7488,"status":"passed","message":"","name":"/workspaces/Spacewars3/src/__tests__/lib/Game-targeting.test.ts"},{"assertionResults":[{"ancestorTitles":["InterceptCalculator"],"fullName":"InterceptCalculator should calculate direct angle for stationary target","status":"passed","title":"should calculate direct angle for stationary target","duration":2.7614300000000185,"failureMessages":[],"meta":{}},{"ancestorTitles":["InterceptCalculator"],"fullName":"InterceptCalculator should calculate direct angle for stationary target at different position","status":"passed","title":"should calculate direct angle for stationary target at different position","duration":0.6442210000000159,"failureMessages":[],"meta":{}},{"ancestorTitles":["InterceptCalculator"],"fullName":"InterceptCalculator should verify interception point for stationary target","status":"passed","title":"should verify interception point for stationary target","duration":0.3920659999999998,"failureMessages":[],"meta":{}},{"ancestorTitles":["InterceptCalculator"],"fullName":"InterceptCalculator should calculate interception angle for moving target crossing path","status":"passed","title":"should calculate interception angle for moving target crossing path","duration":0.28636600000004364,"failureMessages":[],"meta":{}},{"ancestorTitles":["InterceptCalculator"],"fullName":"InterceptCalculator should calculate interception angle for target moving away","status":"passed","title":"should calculate interception angle for target moving away","duration":0.3154469999999492,"failureMessages":[],"meta":{}},{"ancestorTitles":["InterceptCalculator"],"fullName":"InterceptCalculator should calculate interception angle for target moving toward ship","status":"passed","title":"should calculate interception angle for target moving toward ship","duration":0.3002609999999777,"failureMessages":[],"meta":{}},{"ancestorTitles":["InterceptCalculator"],"fullName":"InterceptCalculator should handle target moving faster than ship","status":"passed","title":"should handle target moving faster than ship","duration":0.23220900000001166,"failureMessages":[],"meta":{}},{"ancestorTitles":["InterceptCalculator"],"fullName":"InterceptCalculator should handle target at same position as ship","status":"passed","title":"should handle target at same position as ship","duration":0.20478899999989153,"failureMessages":[],"meta":{}},{"ancestorTitles":["InterceptCalculator"],"fullName":"InterceptCalculator should calculate correct interception for complex scenario","status":"passed","title":"should calculate correct interception for complex scenario","duration":0.4878569999999627,"failureMessages":[],"meta":{}},{"ancestorTitles":["InterceptCalculator"],"fullName":"InterceptCalculator should handle diagonal interception","status":"passed","title":"should handle diagonal interception","duration":0.2975620000000845,"failureMessages":[],"meta":{}},{"ancestorTitles":["InterceptCalculator"],"fullName":"InterceptCalculator should handle the specific case of ship at 270 degrees and target at 305 degrees","status":"passed","title":"should handle the specific case of ship at 270 degrees and target at 305 degrees","duration":0.2716560000000072,"failureMessages":[],"meta":{}},{"ancestorTitles":["InterceptCalculator"],"fullName":"InterceptCalculator should handle interception across world boundaries","status":"passed","title":"should handle interception across world boundaries","duration":0.3709949999999935,"failureMessages":[],"meta":{}},{"ancestorTitles":["InterceptCalculator"],"fullName":"InterceptCalculator should handle interception across top-bottom world boundary","status":"passed","title":"should handle interception across top-bottom world boundary","duration":0.29551100000003316,"failureMessages":[],"meta":{}},{"ancestorTitles":["InterceptCalculator"],"fullName":"InterceptCalculator should handle interception across left-right world boundary (ship at left)","status":"passed","title":"should handle interception across left-right world boundary (ship at left)","duration":0.2719430000000784,"failureMessages":[],"meta":{}},{"ancestorTitles":["InterceptCalculator"],"fullName":"InterceptCalculator should handle interception across bottom-top world boundary","status":"passed","title":"should handle interception across bottom-top world boundary","duration":0.20436500000005253,"failureMessages":[],"meta":{}},{"ancestorTitles":["InterceptCalculator"],"fullName":"InterceptCalculator should handle interception across right-left world boundary (ship at right)","status":"passed","title":"should handle interception across right-left world boundary (ship at right)","duration":0.2092249999999467,"failureMessages":[],"meta":{}},{"ancestorTitles":["InterceptCalculator"],"fullName":"InterceptCalculator should handle corner-to-corner interception (top-left to bottom-right)","status":"passed","title":"should handle corner-to-corner interception (top-left to bottom-right)","duration":0.2935540000000856,"failureMessages":[],"meta":{}},{"ancestorTitles":["InterceptCalculator"],"fullName":"InterceptCalculator should handle corner-to-corner interception (top-right to bottom-left)","status":"passed","title":"should handle corner-to-corner interception (top-right to bottom-left)","duration":0.18208600000002662,"failureMessages":[],"meta":{}},{"ancestorTitles":["InterceptCalculator"],"fullName":"InterceptCalculator should handle corner-to-corner interception (bottom-left to top-right)","status":"passed","title":"should handle corner-to-corner interception (bottom-left to top-right)","duration":0.18627500000002328,"failureMessages":[],"meta":{}},{"ancestorTitles":["InterceptCalculator"],"fullName":"InterceptCalculator should handle corner-to-corner interception (bottom-right to top-left)","status":"passed","title":"should handle corner-to-corner interception (bottom-right to top-left)","duration":0.19707399999992958,"failureMessages":[],"meta":{}},{"ancestorTitles":["InterceptCalculator"],"fullName":"InterceptCalculator should handle complex interception which needs double warping of the target","status":"passed","title":"should handle complex interception which needs double warping of the target","duration":0.17925900000000183,"failureMessages":[],"meta":{}}],"startTime":1761341856768,"endTime":1761341856776.2935,"status":"passed","message":"","name":"/workspaces/Spacewars3/src/__tests__/lib/InterceptCalculator.test.ts"},{"assertionResults":[{"ancestorTitles":["TechFactory.calculateWeaponDamage","basic weapon functionality"],"fullName":"TechFactory.calculateWeaponDamage basic weapon functionality calculateWeaponDamage_unknownWeapon_throwsError","status":"passed","title":"calculateWeaponDamage_unknownWeapon_throwsError","duration":1.6983599999999797,"failureMessages":[],"meta":{}},{"ancestorTitles":["TechFactory.calculateWeaponDamage","basic weapon functionality"],"fullName":"TechFactory.calculateWeaponDamage basic weapon functionality calculateWeaponDamage_zeroWeapons_returnsZeroDamage","status":"passed","title":"calculateWeaponDamage_zeroWeapons_returnsZeroDamage","duration":0.3335379999999759,"failureMessages":[],"meta":{}},{"ancestorTitles":["TechFactory.calculateWeaponDamage","basic weapon functionality"],"fullName":"TechFactory.calculateWeaponDamage basic weapon functionality calculateWeaponDamage_perfectAccuracy_allWeaponsHit","status":"passed","title":"calculateWeaponDamage_perfectAccuracy_allWeaponsHit","duration":0.14425099999994018,"failureMessages":[],"meta":{}},{"ancestorTitles":["TechFactory.calculateWeaponDamage","basic weapon functionality"],"fullName":"TechFactory.calculateWeaponDamage basic weapon functionality calculateWeaponDamage_zeroAccuracy_noWeaponsHit","status":"passed","title":"calculateWeaponDamage_zeroAccuracy_noWeaponsHit","duration":0.22886300000004667,"failureMessages":[],"meta":{}},{"ancestorTitles":["TechFactory.calculateWeaponDamage","accuracy calculations by weapon type"],"fullName":"TechFactory.calculateWeaponDamage accuracy calculations by weapon type calculateWeaponDamage_autoTurret_standardAccuracyCalculation","status":"passed","title":"calculateWeaponDamage_autoTurret_standardAccuracyCalculation","duration":0.12910299999998642,"failureMessages":[],"meta":{}},{"ancestorTitles":["TechFactory.calculateWeaponDamage","accuracy calculations by weapon type"],"fullName":"TechFactory.calculateWeaponDamage accuracy calculations by weapon type calculateWeaponDamage_rocketLauncher_ecmAffectsAccuracy","status":"passed","title":"calculateWeaponDamage_rocketLauncher_ecmAffectsAccuracy","duration":0.13249200000007022,"failureMessages":[],"meta":{}},{"ancestorTitles":["TechFactory.calculateWeaponDamage","accuracy calculations by weapon type"],"fullName":"TechFactory.calculateWeaponDamage accuracy calculations by weapon type calculateWeaponDamage_rocketLauncher_negativeAccuracyIgnored","status":"passed","title":"calculateWeaponDamage_rocketLauncher_negativeAccuracyIgnored","duration":0.11741700000004585,"failureMessages":[],"meta":{}},{"ancestorTitles":["TechFactory.calculateWeaponDamage","accuracy calculations by weapon type"],"fullName":"TechFactory.calculateWeaponDamage accuracy calculations by weapon type calculateWeaponDamage_photonTorpedo_reducedECMAndNegativeEffects","status":"passed","title":"calculateWeaponDamage_photonTorpedo_reducedECMAndNegativeEffects","duration":0.08621699999991961,"failureMessages":[],"meta":{}},{"ancestorTitles":["TechFactory.calculateWeaponDamage","damage calculations"],"fullName":"TechFactory.calculateWeaponDamage damage calculations calculateWeaponDamage_autoTurret_correctDamageDistribution","status":"passed","title":"calculateWeaponDamage_autoTurret_correctDamageDistribution","duration":0.28907200000003286,"failureMessages":[],"meta":{}},{"ancestorTitles":["TechFactory.calculateWeaponDamage","damage calculations"],"fullName":"TechFactory.calculateWeaponDamage damage calculations calculateWeaponDamage_pulseLaser_energyWeaponDamage","status":"passed","title":"calculateWeaponDamage_pulseLaser_energyWeaponDamage","duration":0.17436900000006972,"failureMessages":[],"meta":{}},{"ancestorTitles":["TechFactory.calculateWeaponDamage","damage calculations"],"fullName":"TechFactory.calculateWeaponDamage damage calculations calculateWeaponDamage_shieldPenetration_excessDamageToHull","status":"passed","title":"calculateWeaponDamage_shieldPenetration_excessDamageToHull","duration":0.17104299999994055,"failureMessages":[],"meta":{}},{"ancestorTitles":["TechFactory.calculateWeaponDamage","damage calculations"],"fullName":"TechFactory.calculateWeaponDamage damage calculations calculateWeaponDamage_armorPenetration_excessDamageToHull","status":"passed","title":"calculateWeaponDamage_armorPenetration_excessDamageToHull","duration":0.1658109999999624,"failureMessages":[],"meta":{}},{"ancestorTitles":["TechFactory.calculateWeaponDamage","special weapon mechanics"],"fullName":"TechFactory.calculateWeaponDamage special weapon mechanics calculateWeaponDamage_rocketLauncher_highDamageGuidedWeapon","status":"passed","title":"calculateWeaponDamage_rocketLauncher_highDamageGuidedWeapon","duration":0.13391899999999168,"failureMessages":[],"meta":{}},{"ancestorTitles":["TechFactory.calculateWeaponDamage","special weapon mechanics"],"fullName":"TechFactory.calculateWeaponDamage special weapon mechanics calculateWeaponDamage_photonTorpedo_heavyShieldDamage","status":"passed","title":"calculateWeaponDamage_photonTorpedo_heavyShieldDamage","duration":0.111754000000019,"failureMessages":[],"meta":{}},{"ancestorTitles":["TechFactory.calculateWeaponDamage","damage modifiers"],"fullName":"TechFactory.calculateWeaponDamage damage modifiers calculateWeaponDamage_damageModifier_scalesDamage","status":"passed","title":"calculateWeaponDamage_damageModifier_scalesDamage","duration":0.13509499999997843,"failureMessages":[],"meta":{}},{"ancestorTitles":["TechFactory.calculateWeaponDamage","damage modifiers"],"fullName":"TechFactory.calculateWeaponDamage damage modifiers calculateWeaponDamage_spreadModifier_affectsHitCount","status":"passed","title":"calculateWeaponDamage_spreadModifier_affectsHitCount","duration":0.066695999999979,"failureMessages":[],"meta":{}},{"ancestorTitles":["TechFactory utility methods"],"fullName":"TechFactory utility methods getWeaponSpec_validWeapon_returnsSpec","status":"passed","title":"getWeaponSpec_validWeapon_returnsSpec","duration":0.1315150000000358,"failureMessages":[],"meta":{}},{"ancestorTitles":["TechFactory utility methods"],"fullName":"TechFactory utility methods getWeaponSpec_invalidWeapon_returnsNull","status":"passed","title":"getWeaponSpec_invalidWeapon_returnsNull","duration":0.09443799999996827,"failureMessages":[],"meta":{}},{"ancestorTitles":["TechFactory utility methods"],"fullName":"TechFactory utility methods getDefenseSpec_validDefense_returnsSpec","status":"passed","title":"getDefenseSpec_validDefense_returnsSpec","duration":0.10006800000007843,"failureMessages":[],"meta":{}},{"ancestorTitles":["TechFactory utility methods"],"fullName":"TechFactory utility methods getAllWeaponSpecs_returnsAllWeapons","status":"passed","title":"getAllWeaponSpecs_returnsAllWeapons","duration":0.6744400000000041,"failureMessages":[],"meta":{}},{"ancestorTitles":["TechFactory utility methods"],"fullName":"TechFactory utility methods calculateTotalEffects_computesCorrectTotals","status":"passed","title":"calculateTotalEffects_computesCorrectTotals","duration":0.4064260000000104,"failureMessages":[],"meta":{}},{"ancestorTitles":["TechFactory utility methods"],"fullName":"TechFactory utility methods canBuildWeapon_sufficientIron_returnsTrue","status":"passed","title":"canBuildWeapon_sufficientIron_returnsTrue","duration":0.08492000000001099,"failureMessages":[],"meta":{}},{"ancestorTitles":["TechFactory utility methods"],"fullName":"TechFactory utility methods canBuildWeapon_insufficientIron_returnsFalse","status":"passed","title":"canBuildWeapon_insufficientIron_returnsFalse","duration":0.05761700000005021,"failureMessages":[],"meta":{}},{"ancestorTitles":["TechFactory.calculateDefenseValues"],"fullName":"TechFactory.calculateDefenseValues calculateDefenseValues_withZeroTechs_returnsZeroValues","status":"passed","title":"calculateDefenseValues_withZeroTechs_returnsZeroValues","duration":0.23272399999996196,"failureMessages":[],"meta":{}},{"ancestorTitles":["TechFactory.calculateDefenseValues"],"fullName":"TechFactory.calculateDefenseValues calculateDefenseValues_withSingleTech_returnsCorrectValues","status":"passed","title":"calculateDefenseValues_withSingleTech_returnsCorrectValues","duration":0.12570599999992282,"failureMessages":[],"meta":{}},{"ancestorTitles":["TechFactory.calculateDefenseValues"],"fullName":"TechFactory.calculateDefenseValues calculateDefenseValues_withMultipleTechs_calculatesIndependently","status":"passed","title":"calculateDefenseValues_withMultipleTechs_calculatesIndependently","duration":0.18714999999997417,"failureMessages":[],"meta":{}},{"ancestorTitles":["TechFactory.calculateDefenseValues"],"fullName":"TechFactory.calculateDefenseValues calculateDefenseValues_allDefensesPresent_returnsCorrectCalculations","status":"passed","title":"calculateDefenseValues_allDefensesPresent_returnsCorrectCalculations","duration":0.20825400000001082,"failureMessages":[],"meta":{}}],"startTime":1761341858851,"endTime":1761341858858.2327,"status":"passed","message":"","name":"/workspaces/Spacewars3/src/__tests__/lib/TechFactory.test.ts"},{"assertionResults":[{"ancestorTitles":["World"],"fullName":"World should initialize with default objects","status":"passed","title":"should initialize with default objects","duration":2.3524679999999307,"failureMessages":[],"meta":{}},{"ancestorTitles":["World"],"fullName":"World should update hover states correctly","status":"passed","title":"should update hover states correctly","duration":0.6589370000000372,"failureMessages":[],"meta":{}},{"ancestorTitles":["World"],"fullName":"World should find hovered objects correctly","status":"passed","title":"should find hovered objects correctly","duration":0.2502510000000484,"failureMessages":[],"meta":{}},{"ancestorTitles":["World"],"fullName":"World should add and remove space objects","status":"passed","title":"should add and remove space objects","duration":0.6604619999999386,"failureMessages":[],"meta":{}},{"ancestorTitles":["World"],"fullName":"World should set ship angle correctly","status":"passed","title":"should set ship angle correctly","duration":0.21948999999995067,"failureMessages":[],"meta":{}}],"startTime":1761341862295,"endTime":1761341862299.2195,"status":"passed","message":"","name":"/workspaces/Spacewars3/src/__tests__/lib/World.test.ts"},{"assertionResults":[{"ancestorTitles":["Enhanced Type System Deadlock Prevention"],"fullName":"Enhanced Type System Deadlock Prevention should allow valid lock acquisition patterns","status":"passed","title":"should allow valid lock acquisition patterns","duration":1.3988999999999123,"failureMessages":[],"meta":{}},{"ancestorTitles":["Enhanced Type System Deadlock Prevention"],"fullName":"Enhanced Type System Deadlock Prevention should prevent read-after-write deadlock at compile time","status":"passed","title":"should prevent read-after-write deadlock at compile time","duration":0.23719600000003993,"failureMessages":[],"meta":{}},{"ancestorTitles":["Enhanced Type System Deadlock Prevention"],"fullName":"Enhanced Type System Deadlock Prevention should show the enhanced type system provides compile-time safety","status":"passed","title":"should show the enhanced type system provides compile-time safety","duration":0.14275199999997312,"failureMessages":[],"meta":{}},{"ancestorTitles":["Enhanced Type System Deadlock Prevention"],"fullName":"Enhanced Type System Deadlock Prevention should allow read-to-write upgrade (forward direction)","status":"passed","title":"should allow read-to-write upgrade (forward direction)","duration":0.21697400000005018,"failureMessages":[],"meta":{}}],"startTime":1761341864240,"endTime":1761341864242.2373,"status":"passed","message":"","name":"/workspaces/Spacewars3/src/__tests__/lib/enhanced-type-system.test.ts"},{"assertionResults":[{"ancestorTitles":["Game Collection Logic","Collection Decision Logic"],"fullName":"Game Collection Logic Collection Decision Logic collectionDecision_closeAsteroid_returnsCollect","status":"passed","title":"collectionDecision_closeAsteroid_returnsCollect","duration":1.1962049999999635,"failureMessages":[],"meta":{}},{"ancestorTitles":["Game Collection Logic","Collection Decision Logic"],"fullName":"Game Collection Logic Collection Decision Logic collectionDecision_closeShipwreck_returnsCollect","status":"passed","title":"collectionDecision_closeShipwreck_returnsCollect","duration":0.16955499999994572,"failureMessages":[],"meta":{}},{"ancestorTitles":["Game Collection Logic","Collection Decision Logic"],"fullName":"Game Collection Logic Collection Decision Logic collectionDecision_closeEscapePod_returnsCollect","status":"passed","title":"collectionDecision_closeEscapePod_returnsCollect","duration":0.1053389999999581,"failureMessages":[],"meta":{}},{"ancestorTitles":["Game Collection Logic","Collection Decision Logic"],"fullName":"Game Collection Logic Collection Decision Logic collectionDecision_distantAsteroid_returnsIntercept","status":"passed","title":"collectionDecision_distantAsteroid_returnsIntercept","duration":0.19646399999999176,"failureMessages":[],"meta":{}},{"ancestorTitles":["Game Collection Logic","Collection Decision Logic"],"fullName":"Game Collection Logic Collection Decision Logic collectionDecision_closePlayerShip_returnsIntercept","status":"passed","title":"collectionDecision_closePlayerShip_returnsIntercept","duration":0.10538800000006177,"failureMessages":[],"meta":{}},{"ancestorTitles":["Game Collection Logic","Collection Decision Logic"],"fullName":"Game Collection Logic Collection Decision Logic collectionDecision_distantPlayerShip_returnsIntercept","status":"passed","title":"collectionDecision_distantPlayerShip_returnsIntercept","duration":0.1200979999999845,"failureMessages":[],"meta":{}},{"ancestorTitles":["Game Collection Logic","Collection Decision Logic"],"fullName":"Game Collection Logic Collection Decision Logic collectionDecision_exactlyAtCollectionRange_returnsCollect","status":"passed","title":"collectionDecision_exactlyAtCollectionRange_returnsCollect","duration":0.08843500000000404,"failureMessages":[],"meta":{}},{"ancestorTitles":["Game Collection Logic","Collection Decision Logic"],"fullName":"Game Collection Logic Collection Decision Logic collectionDecision_justBeyondCollectionRange_returnsIntercept","status":"passed","title":"collectionDecision_justBeyondCollectionRange_returnsIntercept","duration":0.08114000000000487,"failureMessages":[],"meta":{}},{"ancestorTitles":["Game Collection Logic","Collection Decision Logic"],"fullName":"Game Collection Logic Collection Decision Logic collectionDecision_toroidalWrapping_closestDistanceUsed","status":"passed","title":"collectionDecision_toroidalWrapping_closestDistanceUsed","duration":0.30582700000002205,"failureMessages":[],"meta":{}},{"ancestorTitles":["Game Collection Logic","Collection Decision Logic"],"fullName":"Game Collection Logic Collection Decision Logic collectionDecision_diagonalDistance_calculatedCorrectly","status":"passed","title":"collectionDecision_diagonalDistance_calculatedCorrectly","duration":0.13903100000004542,"failureMessages":[],"meta":{}},{"ancestorTitles":["Game Collection Logic","Distance Calculations"],"fullName":"Game Collection Logic Distance Calculations distanceCalculation_samePosition_returnsZero","status":"passed","title":"distanceCalculation_samePosition_returnsZero","duration":0.10155699999995704,"failureMessages":[],"meta":{}},{"ancestorTitles":["Game Collection Logic","Distance Calculations"],"fullName":"Game Collection Logic Distance Calculations distanceCalculation_horizontalDistance_returnsCorrectValue","status":"passed","title":"distanceCalculation_horizontalDistance_returnsCorrectValue","duration":0.07725900000002639,"failureMessages":[],"meta":{}},{"ancestorTitles":["Game Collection Logic","Distance Calculations"],"fullName":"Game Collection Logic Distance Calculations distanceCalculation_verticalDistance_returnsCorrectValue","status":"passed","title":"distanceCalculation_verticalDistance_returnsCorrectValue","duration":0.06317000000001372,"failureMessages":[],"meta":{}},{"ancestorTitles":["Game Collection Logic","Distance Calculations"],"fullName":"Game Collection Logic Distance Calculations distanceCalculation_toroidalWrapping_usesShortestPath","status":"passed","title":"distanceCalculation_toroidalWrapping_usesShortestPath","duration":0.06384600000001228,"failureMessages":[],"meta":{}}],"startTime":1761341864908,"endTime":1761341864911.1016,"status":"passed","message":"","name":"/workspaces/Spacewars3/src/__tests__/lib/game-collection-logic.test.ts"},{"assertionResults":[{"ancestorTitles":["Iron Display Time Calculations"],"fullName":"Iron Display Time Calculations ironCalculation_timeElapsed_calculatesCorrectAmount","status":"passed","title":"ironCalculation_timeElapsed_calculatesCorrectAmount","duration":1.0920660000000453,"failureMessages":[],"meta":{}},{"ancestorTitles":["Iron Display Time Calculations"],"fullName":"Iron Display Time Calculations ironCalculation_noTimeElapsed_returnsServerAmount","status":"passed","title":"ironCalculation_noTimeElapsed_returnsServerAmount","duration":0.3403409999999667,"failureMessages":[],"meta":{}},{"ancestorTitles":["Iron Display Time Calculations"],"fullName":"Iron Display Time Calculations ironCalculation_zeroProduction_returnsServerAmount","status":"passed","title":"ironCalculation_zeroProduction_returnsServerAmount","duration":0.13434499999993932,"failureMessages":[],"meta":{}},{"ancestorTitles":["Iron Display Time Calculations"],"fullName":"Iron Display Time Calculations ironCalculation_fractionalProduction_roundsDown","status":"passed","title":"ironCalculation_fractionalProduction_roundsDown","duration":0.09378500000002532,"failureMessages":[],"meta":{}},{"ancestorTitles":["Iron Display Time Calculations"],"fullName":"Iron Display Time Calculations ironCalculation_longTimeElapsed_handlesBigNumbers","status":"passed","title":"ironCalculation_longTimeElapsed_handlesBigNumbers","duration":0.1354390000000194,"failureMessages":[],"meta":{}}],"startTime":1761341865543,"endTime":1761341865544.3403,"status":"passed","message":"","name":"/workspaces/Spacewars3/src/__tests__/lib/ironCalculations.test.ts"},{"assertionResults":[{"ancestorTitles":["MessagesRepo","createMessage"],"fullName":"MessagesRepo createMessage createMessage_validData_createsMessageSuccessfully","status":"passed","title":"createMessage_validData_createsMessageSuccessfully","duration":4.351611999999932,"failureMessages":[],"meta":{}},{"ancestorTitles":["MessagesRepo","createMessage"],"fullName":"MessagesRepo createMessage createMessage_multipleMessages_createsAllSuccessfully","status":"passed","title":"createMessage_multipleMessages_createsAllSuccessfully","duration":2.0265660000000025,"failureMessages":[],"meta":{}},{"ancestorTitles":["MessagesRepo","getAndMarkUnreadMessages"],"fullName":"MessagesRepo getAndMarkUnreadMessages getAndMarkUnreadMessages_noMessages_returnsEmptyArray","status":"passed","title":"getAndMarkUnreadMessages_noMessages_returnsEmptyArray","duration":3.319262999999978,"failureMessages":[],"meta":{}},{"ancestorTitles":["MessagesRepo","getAndMarkUnreadMessages"],"fullName":"MessagesRepo getAndMarkUnreadMessages getAndMarkUnreadMessages_hasUnreadMessages_returnsAndMarksAsRead","status":"passed","title":"getAndMarkUnreadMessages_hasUnreadMessages_returnsAndMarksAsRead","duration":3.4026949999999943,"failureMessages":[],"meta":{}},{"ancestorTitles":["MessagesRepo","getAndMarkUnreadMessages"],"fullName":"MessagesRepo getAndMarkUnreadMessages getAndMarkUnreadMessages_multipleUsers_onlyReturnsForSpecificUser","status":"passed","title":"getAndMarkUnreadMessages_multipleUsers_onlyReturnsForSpecificUser","duration":2.739865000000009,"failureMessages":[],"meta":{}},{"ancestorTitles":["MessagesRepo","getAndMarkUnreadMessages"],"fullName":"MessagesRepo getAndMarkUnreadMessages getAndMarkUnreadMessages_messagesInOrder_returnsChronologicalOrder","status":"passed","title":"getAndMarkUnreadMessages_messagesInOrder_returnsChronologicalOrder","duration":21.75438799999995,"failureMessages":[],"meta":{}},{"ancestorTitles":["MessagesRepo","getUnreadMessageCount"],"fullName":"MessagesRepo getUnreadMessageCount getUnreadMessageCount_noMessages_returnsZero","status":"passed","title":"getUnreadMessageCount_noMessages_returnsZero","duration":1.5297820000000684,"failureMessages":[],"meta":{}},{"ancestorTitles":["MessagesRepo","getUnreadMessageCount"],"fullName":"MessagesRepo getUnreadMessageCount getUnreadMessageCount_hasUnreadMessages_returnsCorrectCount","status":"passed","title":"getUnreadMessageCount_hasUnreadMessages_returnsCorrectCount","duration":1.7191260000000739,"failureMessages":[],"meta":{}},{"ancestorTitles":["MessagesRepo","getUnreadMessageCount"],"fullName":"MessagesRepo getUnreadMessageCount getUnreadMessageCount_afterMarkingAsRead_returnsZero","status":"passed","title":"getUnreadMessageCount_afterMarkingAsRead_returnsZero","duration":2.4443069999999807,"failureMessages":[],"meta":{}},{"ancestorTitles":["MessagesRepo","getAllMessages"],"fullName":"MessagesRepo getAllMessages getAllMessages_noMessages_returnsEmptyArray","status":"passed","title":"getAllMessages_noMessages_returnsEmptyArray","duration":1.4866499999999405,"failureMessages":[],"meta":{}},{"ancestorTitles":["MessagesRepo","getAllMessages"],"fullName":"MessagesRepo getAllMessages getAllMessages_hasMessages_returnsAllInDescendingOrder","status":"passed","title":"getAllMessages_hasMessages_returnsAllInDescendingOrder","duration":2.2781660000000556,"failureMessages":[],"meta":{}},{"ancestorTitles":["MessagesRepo","getAllMessages"],"fullName":"MessagesRepo getAllMessages getAllMessages_withLimit_respectsLimit","status":"passed","title":"getAllMessages_withLimit_respectsLimit","duration":2.1527899999999818,"failureMessages":[],"meta":{}},{"ancestorTitles":["MessagesRepo","getAllMessages"],"fullName":"MessagesRepo getAllMessages getAllMessages_includesBothReadAndUnread_returnsAll","status":"passed","title":"getAllMessages_includesBothReadAndUnread_returnsAll","duration":2.1740879999999834,"failureMessages":[],"meta":{}},{"ancestorTitles":["MessagesRepo","deleteOldReadMessages"],"fullName":"MessagesRepo deleteOldReadMessages deleteOldReadMessages_noOldMessages_returnsZero","status":"passed","title":"deleteOldReadMessages_noOldMessages_returnsZero","duration":1.977583999999979,"failureMessages":[],"meta":{}},{"ancestorTitles":["MessagesRepo","deleteOldReadMessages"],"fullName":"MessagesRepo deleteOldReadMessages deleteOldReadMessages_onlyDeletesReadMessages_preservesUnread","status":"passed","title":"deleteOldReadMessages_onlyDeletesReadMessages_preservesUnread","duration":2.563005999999973,"failureMessages":[],"meta":{}}],"startTime":1761341846227,"endTime":1761341846283.563,"status":"passed","message":"","name":"/workspaces/Spacewars3/src/__tests__/lib/messagesRepo.test.ts"},{"assertionResults":[{"ancestorTitles":["TechRepo - Build Completion Notifications"],"fullName":"TechRepo - Build Completion Notifications processCompletedBuilds_singleWeaponCompleted_sendsNotification","status":"passed","title":"processCompletedBuilds_singleWeaponCompleted_sendsNotification","duration":12.037207999999964,"failureMessages":[],"meta":{}},{"ancestorTitles":["TechRepo - Build Completion Notifications"],"fullName":"TechRepo - Build Completion Notifications processCompletedBuilds_singleDefenseCompleted_sendsNotification","status":"passed","title":"processCompletedBuilds_singleDefenseCompleted_sendsNotification","duration":5.698537999999985,"failureMessages":[],"meta":{}},{"ancestorTitles":["TechRepo - Build Completion Notifications"],"fullName":"TechRepo - Build Completion Notifications processCompletedBuilds_multipleItemsCompleted_sendsMultipleNotifications","status":"passed","title":"processCompletedBuilds_multipleItemsCompleted_sendsMultipleNotifications","duration":3.320314000000053,"failureMessages":[],"meta":{}},{"ancestorTitles":["TechRepo - Build Completion Notifications"],"fullName":"TechRepo - Build Completion Notifications processCompletedBuilds_mixedCompletedAndPending_onlyNotifiesCompleted","status":"passed","title":"processCompletedBuilds_mixedCompletedAndPending_onlyNotifiesCompleted","duration":2.4259960000000547,"failureMessages":[],"meta":{}},{"ancestorTitles":["TechRepo - Build Completion Notifications"],"fullName":"TechRepo - Build Completion Notifications processCompletedBuilds_noCompletedBuilds_sendsNoNotifications","status":"passed","title":"processCompletedBuilds_noCompletedBuilds_sendsNoNotifications","duration":1.7385459999999284,"failureMessages":[],"meta":{}},{"ancestorTitles":["TechRepo - Build Completion Notifications"],"fullName":"TechRepo - Build Completion Notifications processCompletedBuilds_notificationFails_continuesWithOtherNotifications","status":"passed","title":"processCompletedBuilds_notificationFails_continuesWithOtherNotifications","duration":8.388637000000017,"failureMessages":[],"meta":{}}],"startTime":1761341847797,"endTime":1761341847831.3887,"status":"passed","message":"","name":"/workspaces/Spacewars3/src/__tests__/lib/techRepo-notifications.test.ts"},{"assertionResults":[{"ancestorTitles":["getResearchUpgradeCost"],"fullName":"getResearchUpgradeCost getResearchUpgradeCost_levelIsStartLevel_returnsBaseCost","status":"passed","title":"getResearchUpgradeCost_levelIsStartLevel_returnsBaseCost","duration":1.1780499999999847,"failureMessages":[],"meta":{}},{"ancestorTitles":["getResearchUpgradeCost"],"fullName":"getResearchUpgradeCost getResearchUpgradeCost_levelIsOneAboveStartLevel_returnsBaseCost","status":"passed","title":"getResearchUpgradeCost_levelIsOneAboveStartLevel_returnsBaseCost","duration":0.2968700000000126,"failureMessages":[],"meta":{}},{"ancestorTitles":["getResearchUpgradeCost"],"fullName":"getResearchUpgradeCost getResearchUpgradeCost_levelIsTwoAboveStartLevel_appliesIncrease","status":"passed","title":"getResearchUpgradeCost_levelIsTwoAboveStartLevel_appliesIncrease","duration":0.20628800000008596,"failureMessages":[],"meta":{}},{"ancestorTitles":["getResearchUpgradeCost"],"fullName":"getResearchUpgradeCost getResearchUpgradeCost_levelIsThreeAboveStartLevel_appliesIncreaseSquared","status":"passed","title":"getResearchUpgradeCost_levelIsThreeAboveStartLevel_appliesIncreaseSquared","duration":0.14864299999999275,"failureMessages":[],"meta":{}},{"ancestorTitles":["getResearchUpgradeDuration"],"fullName":"getResearchUpgradeDuration getResearchUpgradeDuration_levelIsStartLevel_returnsBaseDuration","status":"passed","title":"getResearchUpgradeDuration_levelIsStartLevel_returnsBaseDuration","duration":0.17492799999990893,"failureMessages":[],"meta":{}},{"ancestorTitles":["getResearchUpgradeDuration"],"fullName":"getResearchUpgradeDuration getResearchUpgradeDuration_levelIsOneAboveStartLevel_returnsBaseDuration","status":"passed","title":"getResearchUpgradeDuration_levelIsOneAboveStartLevel_returnsBaseDuration","duration":0.1526929999999993,"failureMessages":[],"meta":{}},{"ancestorTitles":["getResearchUpgradeDuration"],"fullName":"getResearchUpgradeDuration getResearchUpgradeDuration_levelIsTwoAboveStartLevel_appliesIncrease","status":"passed","title":"getResearchUpgradeDuration_levelIsTwoAboveStartLevel_appliesIncrease","duration":0.11814700000002176,"failureMessages":[],"meta":{}},{"ancestorTitles":["getResearchUpgradeDuration"],"fullName":"getResearchUpgradeDuration getResearchUpgradeDuration_levelIsThreeAboveStartLevel_appliesIncreaseSquared","status":"passed","title":"getResearchUpgradeDuration_levelIsThreeAboveStartLevel_appliesIncreaseSquared","duration":0.1077300000000605,"failureMessages":[],"meta":{}},{"ancestorTitles":["getResearchEffect"],"fullName":"getResearchEffect getResearchEffect_levelIsStartLevel_returnsBaseValue","status":"passed","title":"getResearchEffect_levelIsStartLevel_returnsBaseValue","duration":0.466391999999928,"failureMessages":[],"meta":{}},{"ancestorTitles":["getResearchEffect"],"fullName":"getResearchEffect getResearchEffect_factorIncrease_appliesExponent","status":"passed","title":"getResearchEffect_factorIncrease_appliesExponent","duration":0.17917399999998906,"failureMessages":[],"meta":{}},{"ancestorTitles":["getResearchEffect"],"fullName":"getResearchEffect getResearchEffect_constantIncrease_appliesAddition","status":"passed","title":"getResearchEffect_constantIncrease_appliesAddition","duration":0.15647599999999784,"failureMessages":[],"meta":{}},{"ancestorTitles":["getResearchEffect"],"fullName":"getResearchEffect getResearchEffect_polynomialIncrease_appliesFormula","status":"passed","title":"getResearchEffect_polynomialIncrease_appliesFormula","duration":0.10564700000008997,"failureMessages":[],"meta":{}},{"ancestorTitles":["getResearchEffect"],"fullName":"getResearchEffect getResearchEffect_newProjectileWeapons_calculatesCorrectly","status":"passed","title":"getResearchEffect_newProjectileWeapons_calculatesCorrectly","duration":0.153479999999945,"failureMessages":[],"meta":{}},{"ancestorTitles":["getResearchEffect"],"fullName":"getResearchEffect getResearchEffect_newEnergyWeapons_calculatesCorrectly","status":"passed","title":"getResearchEffect_newEnergyWeapons_calculatesCorrectly","duration":0.11936799999989489,"failureMessages":[],"meta":{}},{"ancestorTitles":["getResearchEffect"],"fullName":"getResearchEffect getResearchEffect_newDefenseResearches_calculatesCorrectly","status":"passed","title":"getResearchEffect_newDefenseResearches_calculatesCorrectly","duration":0.11319000000003143,"failureMessages":[],"meta":{}},{"ancestorTitles":["getResearchEffect"],"fullName":"getResearchEffect getResearchEffect_newShipResearches_calculatesCorrectly","status":"passed","title":"getResearchEffect_newShipResearches_calculatesCorrectly","duration":0.10840399999995043,"failureMessages":[],"meta":{}},{"ancestorTitles":["getResearchEffect"],"fullName":"getResearchEffect getResearchEffect_newSpyResearches_calculatesCorrectly","status":"passed","title":"getResearchEffect_newSpyResearches_calculatesCorrectly","duration":0.11991800000009789,"failureMessages":[],"meta":{}},{"ancestorTitles":["getResearchUpgradeDurationFromTree"],"fullName":"getResearchUpgradeDurationFromTree getResearchUpgradeDurationFromTree_treeWithDefaultLevels_returnsBaseDurations","status":"passed","title":"getResearchUpgradeDurationFromTree_treeWithDefaultLevels_returnsBaseDurations","duration":0.2509029999999939,"failureMessages":[],"meta":{}},{"ancestorTitles":["getResearchUpgradeDurationFromTree"],"fullName":"getResearchUpgradeDurationFromTree getResearchUpgradeDurationFromTree_treeWithIncreasedLevels_returnsScaledDurations","status":"passed","title":"getResearchUpgradeDurationFromTree_treeWithIncreasedLevels_returnsScaledDurations","duration":0.12291300000003957,"failureMessages":[],"meta":{}},{"ancestorTitles":["getResearchEffectFromTree"],"fullName":"getResearchEffectFromTree getResearchEffectFromTree_treeWithDefaultLevels_returnsBaseEffects","status":"passed","title":"getResearchEffectFromTree_treeWithDefaultLevels_returnsBaseEffects","duration":0.1495909999999867,"failureMessages":[],"meta":{}},{"ancestorTitles":["getResearchEffectFromTree"],"fullName":"getResearchEffectFromTree getResearchEffectFromTree_treeWithIncreasedLevels_returnsScaledEffects","status":"passed","title":"getResearchEffectFromTree_treeWithIncreasedLevels_returnsScaledEffects","duration":0.1098580000000311,"failureMessages":[],"meta":{}},{"ancestorTitles":["triggerResearch"],"fullName":"triggerResearch triggerResearch_noActiveResearch_setsActiveResearchAndDuration","status":"passed","title":"triggerResearch_noActiveResearch_setsActiveResearchAndDuration","duration":0.17091800000002877,"failureMessages":[],"meta":{}},{"ancestorTitles":["triggerResearch"],"fullName":"triggerResearch triggerResearch_withActiveResearch_throwsError","status":"passed","title":"triggerResearch_withActiveResearch_throwsError","duration":0.7207009999999627,"failureMessages":[],"meta":{}},{"ancestorTitles":["updateTechTree"],"fullName":"updateTechTree updateTechTree_noActiveResearch_doesNothing","status":"passed","title":"updateTechTree_noActiveResearch_doesNothing","duration":0.2170690000000377,"failureMessages":[],"meta":{}},{"ancestorTitles":["updateTechTree"],"fullName":"updateTechTree updateTechTree_activeResearchNotComplete_decreasesDuration","status":"passed","title":"updateTechTree_activeResearchNotComplete_decreasesDuration","duration":0.12647499999991396,"failureMessages":[],"meta":{}},{"ancestorTitles":["updateTechTree"],"fullName":"updateTechTree updateTechTree_activeResearchCompletes_increasesLevelAndUnsetsActiveResearch","status":"passed","title":"updateTechTree_activeResearchCompletes_increasesLevelAndUnsetsActiveResearch","duration":0.12058300000001054,"failureMessages":[],"meta":{}},{"ancestorTitles":["updateTechTree"],"fullName":"updateTechTree updateTechTree_activeResearchCompletesWithOverflow_increasesLevelAndUnsetsActiveResearch","status":"passed","title":"updateTechTree_activeResearchCompletesWithOverflow_increasesLevelAndUnsetsActiveResearch","duration":0.11664600000005976,"failureMessages":[],"meta":{}},{"ancestorTitles":["getActiveResearch"],"fullName":"getActiveResearch getActiveResearch_noActiveResearch_returnsUndefined","status":"passed","title":"getActiveResearch_noActiveResearch_returnsUndefined","duration":0.11185599999998885,"failureMessages":[],"meta":{}},{"ancestorTitles":["getActiveResearch"],"fullName":"getActiveResearch getActiveResearch_withActiveResearch_returnsTypeNextLevelAndDuration","status":"passed","title":"getActiveResearch_withActiveResearch_returnsTypeNextLevelAndDuration","duration":0.13336900000001606,"failureMessages":[],"meta":{}},{"ancestorTitles":["getActiveResearch"],"fullName":"getActiveResearch getActiveResearch_afterUpdateTechTree_returnsUndefinedIfCompleted","status":"passed","title":"getActiveResearch_afterUpdateTechTree_returnsUndefinedIfCompleted","duration":0.07058999999992466,"failureMessages":[],"meta":{}}],"startTime":1761341858187,"endTime":1761341858195.0706,"status":"passed","message":"","name":"/workspaces/Spacewars3/src/__tests__/lib/techtree.test.ts"},{"assertionResults":[{"ancestorTitles":["Phase 2: Typed Cache Manager","Singleton Pattern"],"fullName":"Phase 2: Typed Cache Manager Singleton Pattern getInstance_multipleCalls_returnsSameInstance","status":"passed","title":"getInstance_multipleCalls_returnsSameInstance","duration":2.5900089999998954,"failureMessages":[],"meta":{}},{"ancestorTitles":["Phase 2: Typed Cache Manager","Singleton Pattern"],"fullName":"Phase 2: Typed Cache Manager Singleton Pattern resetInstance_afterReset_createsNewInstance","status":"passed","title":"resetInstance_afterReset_createsNewInstance","duration":1.6540979999999763,"failureMessages":[],"meta":{}},{"ancestorTitles":["Phase 2: Typed Cache Manager","Singleton Pattern"],"fullName":"Phase 2: Typed Cache Manager Singleton Pattern getInstance_withConfig_appliesConfiguration","status":"passed","title":"getInstance_withConfig_appliesConfiguration","duration":1.0498679999999467,"failureMessages":[],"meta":{}},{"ancestorTitles":["Phase 2: Typed Cache Manager","Lock Ordering Validation"],"fullName":"Phase 2: Typed Cache Manager Lock Ordering Validation typedLockOrdering_validSequence_allowsExecution","status":"passed","title":"typedLockOrdering_validSequence_allowsExecution","duration":1.0069570000000567,"failureMessages":[],"meta":{}},{"ancestorTitles":["Phase 2: Typed Cache Manager","Lock Ordering Validation"],"fullName":"Phase 2: Typed Cache Manager Lock Ordering Validation typedLockOrdering_skippingLevels_allowsExecution","status":"passed","title":"typedLockOrdering_skippingLevels_allowsExecution","duration":0.7613699999999426,"failureMessages":[],"meta":{}},{"ancestorTitles":["Phase 2: Typed Cache Manager","Lock Ordering Validation"],"fullName":"Phase 2: Typed Cache Manager Lock Ordering Validation typedLockOrdering_worldAndUserSeparately_allowsExecution","status":"passed","title":"typedLockOrdering_worldAndUserSeparately_allowsExecution","duration":0.5897559999999658,"failureMessages":[],"meta":{}},{"ancestorTitles":["Phase 2: Typed Cache Manager","Data Access Methods"],"fullName":"Phase 2: Typed Cache Manager Data Access Methods unsafeMethods_requireProperContext_enforceCompileTimeSafety","status":"passed","title":"unsafeMethods_requireProperContext_enforceCompileTimeSafety","duration":5.820649000000003,"failureMessages":[],"meta":{}},{"ancestorTitles":["Phase 2: Typed Cache Manager","Data Access Methods"],"fullName":"Phase 2: Typed Cache Manager Data Access Methods loadUserIfNeeded_properLockOrdering_worksCorrectly","status":"passed","title":"loadUserIfNeeded_properLockOrdering_worksCorrectly","duration":1.61204900000007,"failureMessages":[],"meta":{}},{"ancestorTitles":["Phase 2: Typed Cache Manager","Statistics and Monitoring"],"fullName":"Phase 2: Typed Cache Manager Statistics and Monitoring getStats_properLockOrdering_returnsStats","status":"passed","title":"getStats_properLockOrdering_returnsStats","duration":1.4183949999999186,"failureMessages":[],"meta":{}},{"ancestorTitles":["Phase 2: Typed Cache Manager","Initialization and Shutdown"],"fullName":"Phase 2: Typed Cache Manager Initialization and Shutdown initialize_multipleCallsAreSafe_noErrors","status":"passed","title":"initialize_multipleCallsAreSafe_noErrors","duration":1.023894999999925,"failureMessages":[],"meta":{}},{"ancestorTitles":["Phase 2: Typed Cache Manager","Initialization and Shutdown"],"fullName":"Phase 2: Typed Cache Manager Initialization and Shutdown shutdown_afterInitialization_cleansUpProperly","status":"passed","title":"shutdown_afterInitialization_cleansUpProperly","duration":1.1239799999999605,"failureMessages":[],"meta":{}},{"ancestorTitles":["Phase 2: Typed Cache Manager","Concurrency Safety"],"fullName":"Phase 2: Typed Cache Manager Concurrency Safety concurrentOperations_properLockOrdering_noDeadlocks","status":"passed","title":"concurrentOperations_properLockOrdering_noDeadlocks","duration":13.105995000000007,"failureMessages":[],"meta":{}}],"startTime":1761341846949,"endTime":1761341846981.106,"status":"passed","message":"","name":"/workspaces/Spacewars3/src/__tests__/lib/typedCacheManager.test.ts"},{"assertionResults":[{"ancestorTitles":["Phase 1: Typed Locks Core System","Type System Validation"],"fullName":"Phase 1: Typed Locks Core System Type System Validation typeValidation_lockOrderingTypes_compileCorrectly","status":"passed","title":"typeValidation_lockOrderingTypes_compileCorrectly","duration":1.3214390000000549,"failureMessages":[],"meta":{}},{"ancestorTitles":["Phase 1: Typed Locks Core System","Type System Validation"],"fullName":"Phase 1: Typed Locks Core System Type System Validation emptyContext_creation_hasCorrectType","status":"passed","title":"emptyContext_creation_hasCorrectType","duration":0.25296800000000985,"failureMessages":[],"meta":{}},{"ancestorTitles":["Phase 1: Typed Locks Core System","TypedMutex Functionality"],"fullName":"Phase 1: Typed Locks Core System TypedMutex Functionality typedMutex_basicAcquisition_worksCorrectly","status":"passed","title":"typedMutex_basicAcquisition_worksCorrectly","duration":0.7707420000000411,"failureMessages":[],"meta":{}},{"ancestorTitles":["Phase 1: Typed Locks Core System","TypedMutex Functionality"],"fullName":"Phase 1: Typed Locks Core System TypedMutex Functionality typedMutex_validLockOrdering_allowsAcquisition","status":"passed","title":"typedMutex_validLockOrdering_allowsAcquisition","duration":0.2927869999999757,"failureMessages":[],"meta":{}},{"ancestorTitles":["Phase 1: Typed Locks Core System","TypedMutex Functionality"],"fullName":"Phase 1: Typed Locks Core System TypedMutex Functionality typedMutex_concurrentAccess_queuesCorrectly","status":"passed","title":"typedMutex_concurrentAccess_queuesCorrectly","duration":9.582047999999986,"failureMessages":[],"meta":{}},{"ancestorTitles":["Phase 1: Typed Locks Core System","TypedReadWriteLock Functionality"],"fullName":"Phase 1: Typed Locks Core System TypedReadWriteLock Functionality typedReadWriteLock_concurrentReads_allowedSimultaneously","status":"passed","title":"typedReadWriteLock_concurrentReads_allowedSimultaneously","duration":20.945063000000005,"failureMessages":[],"meta":{}},{"ancestorTitles":["Phase 1: Typed Locks Core System","TypedReadWriteLock Functionality"],"fullName":"Phase 1: Typed Locks Core System TypedReadWriteLock Functionality typedReadWriteLock_writeExcludesReads_worksCorrectly","status":"passed","title":"typedReadWriteLock_writeExcludesReads_worksCorrectly","duration":30.706860000000006,"failureMessages":[],"meta":{}},{"ancestorTitles":["Phase 1: Typed Locks Core System","Lock Statistics"],"fullName":"Phase 1: Typed Locks Core System Lock Statistics typedMutex_lockStatistics_trackCorrectly","status":"passed","title":"typedMutex_lockStatistics_trackCorrectly","duration":0.37651900000003025,"failureMessages":[],"meta":{}},{"ancestorTitles":["Phase 1: Typed Locks Core System","Lock Statistics"],"fullName":"Phase 1: Typed Locks Core System Lock Statistics typedReadWriteLock_lockStatistics_trackCorrectly","status":"passed","title":"typedReadWriteLock_lockStatistics_trackCorrectly","duration":0.5383219999999937,"failureMessages":[],"meta":{}}],"startTime":1761341845445,"endTime":1761341845510.5383,"status":"passed","message":"","name":"/workspaces/Spacewars3/src/__tests__/lib/typedLocks.test.ts"},{"assertionResults":[{"ancestorTitles":["User Collection Rewards"],"fullName":"User Collection Rewards collected_asteroid_awardsRandomIronBetween50And250","status":"passed","title":"collected_asteroid_awardsRandomIronBetween50And250","duration":2.0524930000000268,"failureMessages":[],"meta":{}},{"ancestorTitles":["User Collection Rewards"],"fullName":"User Collection Rewards collected_shipwreck_awardsRandomIronBetween50And1000","status":"passed","title":"collected_shipwreck_awardsRandomIronBetween50And1000","duration":0.516014000000041,"failureMessages":[],"meta":{}},{"ancestorTitles":["User Collection Rewards"],"fullName":"User Collection Rewards collected_escapePod_awardsNoIron","status":"passed","title":"collected_escapePod_awardsNoIron","duration":0.36175200000002405,"failureMessages":[],"meta":{}},{"ancestorTitles":["User Collection Rewards"],"fullName":"User Collection Rewards collected_multipleAsteroids_awardsVariousAmounts","status":"passed","title":"collected_multipleAsteroids_awardsVariousAmounts","duration":1.200939999999946,"failureMessages":[],"meta":{}},{"ancestorTitles":["User Collection Rewards"],"fullName":"User Collection Rewards collected_multipleShipwrecks_awardsVariousAmounts","status":"passed","title":"collected_multipleShipwrecks_awardsVariousAmounts","duration":0.5882970000000114,"failureMessages":[],"meta":{}},{"ancestorTitles":["User Collection Rewards"],"fullName":"User Collection Rewards collected_mixedObjects_awardsCorrectAmounts","status":"passed","title":"collected_mixedObjects_awardsCorrectAmounts","duration":0.4676409999999578,"failureMessages":[],"meta":{}},{"ancestorTitles":["User Collection Rewards"],"fullName":"User Collection Rewards collected_unknownObjectType_awardsNoIron","status":"passed","title":"collected_unknownObjectType_awardsNoIron","duration":1.5011809999999741,"failureMessages":[],"meta":{}}],"startTime":1761341861540,"endTime":1761341861547.5012,"status":"passed","message":"","name":"/workspaces/Spacewars3/src/__tests__/lib/user-collection-rewards.test.ts"},{"assertionResults":[{"ancestorTitles":["User.updateStats with IronHarvesting research progression"],"fullName":"User.updateStats with IronHarvesting research progression updateStats_researchDoesNotComplete_awardsAllIronAtOldRate","status":"passed","title":"updateStats_researchDoesNotComplete_awardsAllIronAtOldRate","duration":1.6721240000000535,"failureMessages":[],"meta":{}},{"ancestorTitles":["User.updateStats with IronHarvesting research progression"],"fullName":"User.updateStats with IronHarvesting research progression updateStats_researchCompletesDuringInterval_splitsIronGain","status":"passed","title":"updateStats_researchCompletesDuringInterval_splitsIronGain","duration":0.369150999999988,"failureMessages":[],"meta":{}},{"ancestorTitles":["User.updateStats with IronHarvesting research progression"],"fullName":"User.updateStats with IronHarvesting research progression updateStats_multipleResearchCompletionsAndFurtherResearch0_correctIronAndResearchState","status":"passed","title":"updateStats_multipleResearchCompletionsAndFurtherResearch0_correctIronAndResearchState","duration":0.41420800000003055,"failureMessages":[],"meta":{}},{"ancestorTitles":["User.updateStats with IronHarvesting research progression"],"fullName":"User.updateStats with IronHarvesting research progression updateStats_multipleResearchCompletionsAndFurtherResearch_correctIronAndResearchState","status":"passed","title":"updateStats_multipleResearchCompletionsAndFurtherResearch_correctIronAndResearchState","duration":0.2687990000000582,"failureMessages":[],"meta":{}},{"ancestorTitles":["User.updateStats with IronHarvesting research progression"],"fullName":"User.updateStats with IronHarvesting research progression updateStats_threeConsecutiveIronHarvestingUpgrades_correctScalingAndIronGain","status":"passed","title":"updateStats_threeConsecutiveIronHarvestingUpgrades_correctScalingAndIronGain","duration":0.4963549999999941,"failureMessages":[],"meta":{}},{"ancestorTitles":["User.updateStats with IronHarvesting research progression"],"fullName":"User.updateStats with IronHarvesting research progression updateStats_fourConsecutiveIronHarvestingUpgradesOddDurationsAndRates_correctIronAndResearchState","status":"passed","title":"updateStats_fourConsecutiveIronHarvestingUpgradesOddDurationsAndRates_correctIronAndResearchState","duration":0.592441000000008,"failureMessages":[],"meta":{}},{"ancestorTitles":["User.updateStats with IronHarvesting research progression"],"fullName":"User.updateStats with IronHarvesting research progression updateStats_researchAlreadyCompleted_awardsAllIronAtNewRate","status":"passed","title":"updateStats_researchAlreadyCompleted_awardsAllIronAtNewRate","duration":0.184861000000069,"failureMessages":[],"meta":{}},{"ancestorTitles":["User.updateStats with IronHarvesting research progression"],"fullName":"User.updateStats with IronHarvesting research progression updateStats_nonIronHarvestingResearch_awardsAllIronAtOldRate","status":"passed","title":"updateStats_nonIronHarvestingResearch_awardsAllIronAtOldRate","duration":0.1267050000000154,"failureMessages":[],"meta":{}},{"ancestorTitles":["User getter methods"],"fullName":"User getter methods getIronPerSecond_initialTechTree_returnsBaseRate","status":"passed","title":"getIronPerSecond_initialTechTree_returnsBaseRate","duration":0.3120699999999488,"failureMessages":[],"meta":{}},{"ancestorTitles":["User getter methods"],"fullName":"User getter methods getIronPerSecond_afterIronHarvestingUpgrade_returnsImprovedRate","status":"passed","title":"getIronPerSecond_afterIronHarvestingUpgrade_returnsImprovedRate","duration":0.17564400000003388,"failureMessages":[],"meta":{}},{"ancestorTitles":["User getter methods"],"fullName":"User getter methods getIronPerSecond_afterMultipleIronHarvestingUpgrades_returnsCorrectScaledRate","status":"passed","title":"getIronPerSecond_afterMultipleIronHarvestingUpgrades_returnsCorrectScaledRate","duration":0.0993270000000166,"failureMessages":[],"meta":{}},{"ancestorTitles":["User getter methods"],"fullName":"User getter methods getMaxShipSpeed_initialTechTree_returnsBaseSpeed","status":"passed","title":"getMaxShipSpeed_initialTechTree_returnsBas
[...]
ancestorTitles":["User Ship Creation"],"fullName":"User Ship Creation createUser_multipleUsers_eachGetsOwnShip","status":"passed","title":"createUser_multipleUsers_eachGetsOwnShip","duration":6.742927000000009,"failureMessages":[],"meta":{}}],"startTime":1761341851626,"endTime":1761341851643.743,"status":"passed","message":"","name":"/workspaces/Spacewars3/src/__tests__/lib/user-ship-creation.test.ts"},{"assertionResults":[{"ancestorTitles":["TargetingLineRenderer","drawTargetingLine"],"fullName":"TargetingLineRenderer drawTargetingLine should render targeting line with correct opacity","status":"passed","title":"should render targeting line with correct opacity","duration":2.7285250000001042,"failureMessages":[],"meta":{}},{"ancestorTitles":["TargetingLineRenderer","drawTargetingLine"],"fullName":"TargetingLineRenderer drawTargetingLine should not render when opacity is zero or negative","status":"passed","title":"should not render when opacity is zero or negative","duration":0.6887470000000349,"failureMessages":[],"meta":{}},{"ancestorTitles":["TargetingLineRenderer","drawTargetingLine"],"fullName":"TargetingLineRenderer drawTargetingLine should convert world coordinates to screen coordinates correctly","status":"passed","title":"should convert world coordinates to screen coordinates correctly","duration":0.4356040000000121,"failureMessages":[],"meta":{}},{"ancestorTitles":["TargetingLineRenderer","opacity calculation"],"fullName":"TargetingLineRenderer opacity calculation should calculate correct opacity for new targeting line","status":"passed","title":"should calculate correct opacity for new targeting line","duration":0.4067290000000412,"failureMessages":[],"meta":{}},{"ancestorTitles":["TargetingLineRenderer","opacity calculation"],"fullName":"TargetingLineRenderer opacity calculation should calculate correct opacity for half-expired targeting line","status":"passed","title":"should calculate correct opacity for half-expired targeting line","duration":0.35549600000001647,"failureMessages":[],"meta":{}},{"ancestorTitles":["TargetingLineRenderer","opacity calculation"],"fullName":"TargetingLineRenderer opacity calculation should return zero opacity for fully expired targeting line","status":"passed","title":"should return zero opacity for fully expired targeting line","duration":0.2747699999999895,"failureMessages":[],"meta":{}},{"ancestorTitles":["TargetingLineRenderer","visibility check"],"fullName":"TargetingLineRenderer visibility check should detect visible positions correctly","status":"passed","title":"should detect visible positions correctly","duration":0.23501599999997325,"failureMessages":[],"meta":{}},{"ancestorTitles":["TargetingLineRenderer","visibility check"],"fullName":"TargetingLineRenderer visibility check should detect invisible positions correctly","status":"passed","title":"should detect invisible positions correctly","duration":0.2100390000000516,"failureMessages":[],"meta":{}},{"ancestorTitles":["TargetingLineRenderer","visibility check"],"fullName":"TargetingLineRenderer visibility check should include margin in visibility check","status":"passed","title":"should include margin in visibility check","duration":0.3714899999999943,"failureMessages":[],"meta":{}},{"ancestorTitles":["TargetingLineRenderer","target indicator"],"fullName":"TargetingLineRenderer target indicator should draw crosshair at target position","status":"passed","title":"should draw crosshair at target position","duration":0.3488609999999426,"failureMessages":[],"meta":{}}],"startTime":1761341859506,"endTime":1761341859512.3489,"status":"passed","message":"","name":"/workspaces/Spacewars3/src/__tests__/renderers/TargetingLineRenderer.test.ts"},{"assertionResults":[{"ancestorTitles":["collectionService","collectObject"],"fullName":"collectionService collectObject collectObject_successfulResponse_returnsSuccess","status":"passed","title":"collectObject_successfulResponse_returnsSuccess","duration":4.812426999999957,"failureMessages":[],"meta":{}},{"ancestorTitles":["collectionService","collectObject"],"fullName":"collectionService collectObject collectObject_apiError_returnsErrorResponse","status":"passed","title":"collectObject_apiError_returnsErrorResponse","duration":1.295080999999982,"failureMessages":[],"meta":{}},{"ancestorTitles":["collectionService","collectObject"],"fullName":"collectionService collectObject collectObject_apiErrorWithoutMessage_returnsGenericError","status":"passed","title":"collectObject_apiErrorWithoutMessage_returnsGenericError","duration":0.8389010000000781,"failureMessages":[],"meta":{}},{"ancestorTitles":["collectionService","collectObject"],"fullName":"collectionService collectObject collectObject_successfulCollection_statsServiceError_returnsSuccessWithoutStats","status":"passed","title":"collectObject_successfulCollection_statsServiceError_returnsSuccessWithoutStats","duration":0.9487470000000258,"failureMessages":[],"meta":{}},{"ancestorTitles":["collectionService","collectObject"],"fullName":"collectionService collectObject collectObject_networkError_returnsNetworkError","status":"passed","title":"collectObject_networkError_returnsNetworkError","duration":2.276346999999987,"failureMessages":[],"meta":{}},{"ancestorTitles":["collectionService","collectObject"],"fullName":"collectionService collectObject collectObject_networkError_statsServiceAlsoFails_returnsBareNetworkError","status":"passed","title":"collectObject_networkError_statsServiceAlsoFails_returnsBareNetworkError","duration":0.9818219999999656,"failureMessages":[],"meta":{}},{"ancestorTitles":["collectionService","collectObject"],"fullName":"collectionService collectObject collectObject_objectTooFar_returnsDistanceError","status":"passed","title":"collectObject_objectTooFar_returnsDistanceError","duration":0.90820999999994,"failureMessages":[],"meta":{}},{"ancestorTitles":["collectionService","collectObject"],"fullName":"collectionService collectObject collectObject_cannotCollectShips_returnsError","status":"passed","title":"collectObject_cannotCollectShips_returnsError","duration":0.6971569999999474,"failureMessages":[],"meta":{}},{"ancestorTitles":["collectionService","collectObject"],"fullName":"collectionService collectObject collectObject_asteroidCollection_returnsIronReward","status":"passed","title":"collectObject_asteroidCollection_returnsIronReward","duration":0.8685689999999795,"failureMessages":[],"meta":{}},{"ancestorTitles":["collectionService","collectObject"],"fullName":"collectionService collectObject collectObject_shipwreckCollection_returnsHigherIronReward","status":"passed","title":"collectObject_shipwreckCollection_returnsHigherIronReward","duration":0.7405290000000377,"failureMessages":[],"meta":{}},{"ancestorTitles":["collectionService","collectObject"],"fullName":"collectionService collectObject collectObject_escapePodCollection_returnsZeroReward","status":"passed","title":"collectObject_escapePodCollection_returnsZeroReward","duration":0.9046759999999949,"failureMessages":[],"meta":{}}],"startTime":1761341853032,"endTime":1761341853047.9048,"status":"passed","message":"","name":"/workspaces/Spacewars3/src/__tests__/services/collectionService.test.ts"},{"assertionResults":[{"ancestorTitles":["factoryService - Type Safety Functions","getTechCount"],"fullName":"factoryService - Type Safety Functions getTechCount getTechCount_validKey_returnsCorrectValue","status":"passed","title":"getTechCount_validKey_returnsCorrectValue","duration":1.3127420000000711,"failureMessages":[],"meta":{}},{"ancestorTitles":["factoryService - Type Safety Functions","getTechCount"],"fullName":"factoryService - Type Safety Functions getTechCount getTechCount_invalidKey_returnsZero","status":"passed","title":"getTechCount_invalidKey_returnsZero","duration":0.20647799999994731,"failureMessages":[],"meta":{}},{"ancestorTitles":["factoryService - Type Safety Functions","getTechCount"],"fullName":"factoryService - Type Safety Functions getTechCount getTechCount_nullTechCounts_returnsZero","status":"passed","title":"getTechCount_nullTechCounts_returnsZero","duration":0.20004599999992934,"failureMessages":[],"meta":{}},{"ancestorTitles":["factoryService - Type Safety Functions","getTechCount"],"fullName":"factoryService - Type Safety Functions getTechCount getTechCount_undefinedTechCounts_returnsZero","status":"passed","title":"getTechCount_undefinedTechCounts_returnsZero","duration":0.10451899999998204,"failureMessages":[],"meta":{}},{"ancestorTitles":["factoryService - Type Safety Functions","getTechCount"],"fullName":"factoryService - Type Safety Functions getTechCount getTechCount_keyExistsButNotNumber_returnsZero","status":"passed","title":"getTechCount_keyExistsButNotNumber_returnsZero","duration":0.2045180000000073,"failureMessages":[],"meta":{}},{"ancestorTitles":["factoryService - Type Safety Functions","getValidTechKeys"],"fullName":"factoryService - Type Safety Functions getValidTechKeys getValidTechKeys_returnsAllTechCountKeys","status":"passed","title":"getValidTechKeys_returnsAllTechCountKeys","duration":1.1997129999999743,"failureMessages":[],"meta":{}},{"ancestorTitles":["factoryService - Type Safety Functions","getValidTechKeys"],"fullName":"factoryService - Type Safety Functions getValidTechKeys getValidTechKeys_returnsArrayOfStrings","status":"passed","title":"getValidTechKeys_returnsArrayOfStrings","duration":0.5690140000000383,"failureMessages":[],"meta":{}}],"startTime":1761341862947,"endTime":1761341862951.569,"status":"passed","message":"","name":"/workspaces/Spacewars3/src/__tests__/services/factoryService.test.ts"},{"assertionResults":[{"ancestorTitles":["userStatsService","getUserStats"],"fullName":"userStatsService getUserStats getUserStats_successfulResponse_returnsUserStats","status":"passed","title":"getUserStats_successfulResponse_returnsUserStats","duration":2.8306400000000167,"failureMessages":[],"meta":{}},{"ancestorTitles":["userStatsService","getUserStats"],"fullName":"userStatsService getUserStats getUserStats_serverError_returnsErrorObject","status":"passed","title":"getUserStats_serverError_returnsErrorObject","duration":0.4019070000000511,"failureMessages":[],"meta":{}},{"ancestorTitles":["userStatsService","getUserStats"],"fullName":"userStatsService getUserStats getUserStats_serverErrorWithoutMessage_returnsGenericError","status":"passed","title":"getUserStats_serverErrorWithoutMessage_returnsGenericError","duration":0.3094690000000355,"failureMessages":[],"meta":{}},{"ancestorTitles":["userStatsService","getUserStats"],"fullName":"userStatsService getUserStats getUserStats_networkError_returnsNetworkError","status":"passed","title":"getUserStats_networkError_returnsNetworkError","duration":4.079238999999916,"failureMessages":[],"meta":{}},{"ancestorTitles":["userStatsService","getUserStats"],"fullName":"userStatsService getUserStats getUserStats_unauthorizedResponse_returnsUnauthorizedError","status":"passed","title":"getUserStats_unauthorizedResponse_returnsUnauthorizedError","duration":0.4383980000000065,"failureMessages":[],"meta":{}}],"startTime":1761341857428,"endTime":1761341857436.4385,"status":"passed","message":"","name":"/workspaces/Spacewars3/src/__tests__/services/userStatsService.test.ts"},{"assertionResults":[{"ancestorTitles":["Physics Calculations","updateObjectPosition"],"fullName":"Physics Calculations updateObjectPosition updateObjectPosition_noMovement_positionUnchanged","status":"passed","title":"updateObjectPosition_noMovement_positionUnchanged","duration":2.287889000000064,"failureMessages":[],"meta":{}},{"ancestorTitles":["Physics Calculations","updateObjectPosition"],"fullName":"Physics Calculations updateObjectPosition updateObjectPosition_movingRight_xIncreases","status":"passed","title":"updateObjectPosition_movingRight_xIncreases","duration":6.59534199999996,"failureMessages":[],"meta":{}},{"ancestorTitles":["Physics Calculations","updateObjectPosition"],"fullName":"Physics Calculations updateObjectPosition updateObjectPosition_movingUp_yIncreases","status":"passed","title":"updateObjectPosition_movingUp_yIncreases","duration":0.32389499999999316,"failureMessages":[],"meta":{}},{"ancestorTitles":["Physics Calculations","updateObjectPosition"],"fullName":"Physics Calculations updateObjectPosition updateObjectPosition_diagonalMovement_bothCoordinatesChange","status":"passed","title":"updateObjectPosition_diagonalMovement_bothCoordinatesChange","duration":0.30079000000000633,"failureMessages":[],"meta":{}},{"ancestorTitles":["Physics Calculations","updateObjectPosition"],"fullName":"Physics Calculations updateObjectPosition updateObjectPosition_crossesRightBoundary_wrapsToLeft","status":"passed","title":"updateObjectPosition_crossesRightBoundary_wrapsToLeft","duration":2.348926000000006,"failureMessages":[],"meta":{}},{"ancestorTitles":["Physics Calculations","updateObjectPosition"],"fullName":"Physics Calculations updateObjectPosition updateObjectPosition_crossesBottomBoundary_wrapsToTop","status":"passed","title":"updateObjectPosition_crossesBottomBoundary_wrapsToTop","duration":0.30855799999994815,"failureMessages":[],"meta":{}},{"ancestorTitles":["Physics Calculations","updateObjectPosition"],"fullName":"Physics Calculations updateObjectPosition updateObjectPosition_negativeCoordinates_wrapsCorrectly","status":"passed","title":"updateObjectPosition_negativeCoordinates_wrapsCorrectly","duration":0.2564200000000483,"failureMessages":[],"meta":{}},{"ancestorTitles":["Physics Calculations","updateObjectPosition"],"fullName":"Physics Calculations updateObjectPosition updateObjectPosition_millisecondPrecision_accurateMovement","status":"passed","title":"updateObjectPosition_millisecondPrecision_accurateMovement","duration":0.20265300000005482,"failureMessages":[],"meta":{}},{"ancestorTitles":["Physics Calculations","updateAllObjectPositions"],"fullName":"Physics Calculations updateAllObjectPositions updateAllObjectPositions_multipleObjects_allUpdated","status":"passed","title":"updateAllObjectPositions_multipleObjects_allUpdated","duration":3.659956999999963,"failureMessages":[],"meta":{}},{"ancestorTitles":["Physics Calculations","updateAllObjectPositions"],"fullName":"Physics Calculations updateAllObjectPositions updateAllObjectPositions_emptyArray_returnsEmpty","status":"passed","title":"updateAllObjectPositions_emptyArray_returnsEmpty","duration":0.6981690000000071,"failureMessages":[],"meta":{}},{"ancestorTitles":["Physics Calculations","updateAllObjectPositions"],"fullName":"Physics Calculations updateAllObjectPositions updateAllObjectPositions_preservesAdditionalProperties","status":"passed","title":"updateAllObjectPositions_preservesAdditionalProperties","duration":0.6052929999999606,"failureMessages":[],"meta":{}},{"ancestorTitles":["Physics Calculations","calculateToroidalDistance"],"fullName":"Physics Calculations calculateToroidalDistance calculateToroidalDistance_samePosition_returnsZero","status":"passed","title":"calculateToroidalDistance_samePosition_returnsZero","duration":0.38883899999996174,"failureMessages":[],"meta":{}},{"ancestorTitles":["Physics Calculations","calculateToroidalDistance"],"fullName":"Physics Calculations calculateToroidalDistance calculateToroidalDistance_horizontalDistance_returnsCorrectDistance","status":"passed","title":"calculateToroidalDistance_horizontalDistance_returnsCorrectDistance","duration":0.25084099999992304,"failureMessages":[],"meta":{}},{"ancestorTitles":["Physics Calculations","calculateToroidalDistance"],"fullName":"Physics Calculations calculateToroidalDistance calculateToroidalDistance_verticalDistance_returnsCorrectDistance","status":"passed","title":"calculateToroidalDistance_verticalDistance_returnsCorrectDistance","duration":0.21688400000005004,"failureMessages":[],"meta":{}},{"ancestorTitles":["Physics Calculations","calculateToroidalDistance"],"fullName":"Physics Calculations calculateToroidalDistance calculateToroidalDistance_diagonalDistance_returnsCorrectDistance","status":"passed","title":"calculateToroidalDistance_diagonalDistance_returnsCorrectDistance","duration":0.1580909999998994,"failureMessages":[],"meta":{}},{"ancestorTitles":["Physics Calculations","calculateToroidalDistance"],"fullName":"Physics Calculations calculateToroidalDistance calculateToroidalDistance_wrapsAroundHorizontally_usesShortestPath","status":"passed","title":"calculateToroidalDistance_wrapsAroundHorizontally_usesShortestPath","duration":0.1380299999999579,"failureMessages":[],"meta":{}},{"ancestorTitles":["Physics Calculations","calculateToroidalDistance"],"fullName":"Physics Calculations calculateToroidalDistance calculateToroidalDistance_wrapsAroundVertically_usesShortestPath","status":"passed","title":"calculateToroidalDistance_wrapsAroundVertically_usesShortestPath","duration":0.13950999999997293,"failureMessages":[],"meta":{}},{"ancestorTitles":["Physics Calculations","calculateToroidalDistance"],"fullName":"Physics Calculations calculateToroidalDistance calculateToroidalDistance_wrapsBothDirections_usesShortestPath","status":"passed","title":"calculateToroidalDistance_wrapsBothDirections_usesShortestPath","duration":0.13966800000002877,"failureMessages":[],"meta":{}},{"ancestorTitles":["Physics Calculations","isColliding"],"fullName":"Physics Calculations isColliding isColliding_objectsOverlap_returnsTrue","status":"passed","title":"isColliding_objectsOverlap_returnsTrue","duration":0.20198500000003605,"failureMessages":[],"meta":{}},{"ancestorTitles":["Physics Calculations","isColliding"],"fullName":"Physics Calculations isColliding isColliding_objectsSeparate_returnsFalse","status":"passed","title":"isColliding_objectsSeparate_returnsFalse","duration":0.14844700000003286,"failureMessages":[],"meta":{}},{"ancestorTitles":["Physics Calculations","isColliding"],"fullName":"Physics Calculations isColliding isColliding_objectsTouching_returnsTrue","status":"passed","title":"isColliding_objectsTouching_returnsTrue","duration":0.15715499999998883,"failureMessages":[],"meta":{}},{"ancestorTitles":["Physics Calculations","isColliding"],"fullName":"Physics Calculations isColliding isColliding_noRadiusSpecified_usesDefault","status":"passed","title":"isColliding_noRadiusSpecified_usesDefault","duration":0.13832099999990533,"failureMessages":[],"meta":{}},{"ancestorTitles":["Physics Calculations","isColliding"],"fullName":"Physics Calculations isColliding isColliding_acrossToroidalBoundary_detectsCollision","status":"passed","title":"isColliding_acrossToroidalBoundary_detectsCollision","duration":0.1270920000000615,"failureMessages":[],"meta":{}},{"ancestorTitles":["Physics Calculations","updateObjectPositionWithTimeCorrection"],"fullName":"Physics Calculations updateObjectPositionWithTimeCorrection updateObjectPositionWithTimeCorrection_withNetworkDelay_compensatesForLatency","status":"passed","title":"updateObjectPositionWithTimeCorrection_withNetworkDelay_compensatesForLatency","duration":0.2794369999999162,"failureMessages":[],"meta":{}},{"ancestorTitles":["Physics Calculations","updateObjectPositionWithTimeCorrection"],"fullName":"Physics Calculations updateObjectPositionWithTimeCorrection updateObjectPositionWithTimeCorrection_zeroNetworkDelay_behavesLikeStandardFunction","status":"passed","title":"updateObjectPositionWithTimeCorrection_zeroNetworkDelay_behavesLikeStandardFunction","duration":0.18778199999997014,"failureMessages":[],"meta":{}},{"ancestorTitles":["Physics Calculations","updateAllObjectPositionsWithTimeCorrection"],"fullName":"Physics Calculations updateAllObjectPositionsWithTimeCorrection updateAllObjectPositionsWithTimeCorrection_multipleObjects_allUpdatedWithTimeCorrection","status":"passed","title":"updateAllObjectPositionsWithTimeCorrection_multipleObjects_allUpdatedWithTimeCorrection","duration":1.2802339999999504,"failureMessages":[],"meta":{}}],"startTime":1761341860842,"endTime":1761341860865.2803,"status":"passed","message":"","name":"/workspaces/Spacewars3/src/shared/tests/physics.test.ts"}]}